2024-01-11 20:13:49.700 [info] Extension host with pid 20499 started
2024-01-11 20:13:49.701 [info] Skipping acquiring lock for /home/erikf/.config/VSCodium/User/workspaceStorage/5616a7d43e9ed6886a9e914f74878791.
2024-01-11 20:13:49.707 [info] ExtensionService#_doActivateExtension vscode.git-base, startup: true, activationEvent: '*', root cause: vscode.git
2024-01-11 20:13:49.710 [info] ExtensionService#_doActivateExtension vscode.git, startup: true, activationEvent: '*'
2024-01-11 20:13:49.720 [info] ExtensionService#_doActivateExtension vscode.github, startup: true, activationEvent: '*'
2024-01-11 20:13:49.740 [info] Eager extensions activated
2024-01-11 20:13:49.747 [info] ExtensionService#_doActivateExtension vscode.debug-auto-launch, startup: false, activationEvent: 'onStartupFinished'
2024-01-11 20:13:49.748 [info] ExtensionService#_doActivateExtension vscode.merge-conflict, startup: false, activationEvent: 'onStartupFinished'
2024-01-11 20:13:49.791 [info] ExtensionService#_doActivateExtension vscode.github-authentication, startup: false, activationEvent: 'onAuthenticationRequest:github'
2024-01-11 20:14:21.476 [info] Extension host terminating: renderer closed the MessagePort
2024-01-11 20:14:21.480 [error] Canceled: Canceled
	at new m (/opt/vscodium-bin/resources/app/out/vs/workbench/api/node/extensionHostProcess.js:141:121511)
	at u._remoteCall (/opt/vscodium-bin/resources/app/out/vs/workbench/api/node/extensionHostProcess.js:150:13781)
	at P.<computed>.x.charCodeAt.P.<computed> (/opt/vscodium-bin/resources/app/out/vs/workbench/api/node/extensionHostProcess.js:150:10333)
	at h._doExecuteCommand (/opt/vscodium-bin/resources/app/out/vs/workbench/api/node/extensionHostProcess.js:141:158052)
	at h.executeCommand (/opt/vscodium-bin/resources/app/out/vs/workbench/api/node/extensionHostProcess.js:141:157377)
	at b.registerCommand.description (/opt/vscodium-bin/resources/app/out/vs/workbench/api/node/extensionHostProcess.js:141:156621)
	at h._executeContributedCommand (/opt/vscodium-bin/resources/app/out/vs/workbench/api/node/extensionHostProcess.js:141:158690)
	at h._doExecuteCommand (/opt/vscodium-bin/resources/app/out/vs/workbench/api/node/extensionHostProcess.js:141:157510)
	at h.executeCommand (/opt/vscodium-bin/resources/app/out/vs/workbench/api/node/extensionHostProcess.js:141:157377)
	at Object.executeCommand (/opt/vscodium-bin/resources/app/out/vs/workbench/api/node/extensionHostProcess.js:158:27516)
	at f.I [as value] (/opt/vscodium-bin/resources/app/extensions/git/dist/main.js:2:924645)
	at n._deliver (/opt/vscodium-bin/resources/app/out/vs/workbench/api/node/extensionHostProcess.js:80:2465)
	at n._deliverQueue (/opt/vscodium-bin/resources/app/out/vs/workbench/api/node/extensionHostProcess.js:80:2556)
	at n.fire (/opt/vscodium-bin/resources/app/out/vs/workbench/api/node/extensionHostProcess.js:80:2891)
	at Object.m [as dispose] (/opt/vscodium-bin/resources/app/extensions/git/dist/main.js:2:940562)
	at /opt/vscodium-bin/resources/app/extensions/git/dist/main.js:2:945515
	at Array.forEach (<anonymous>)
	at p.dispose (/opt/vscodium-bin/resources/app/extensions/git/dist/main.js:2:945501)
	at l.<anonymous> (/opt/vscodium-bin/resources/app/out/vs/workbench/api/node/extensionHostProcess.js:137:5213)
	at l.dispose (/opt/vscodium-bin/resources/app/out/vs/workbench/api/node/extensionHostProcess.js:137:5310)
	at l.<anonymous> (/opt/vscodium-bin/resources/app/extensions/git/dist/main.js:2:926657)
	at l.dispose (/opt/vscodium-bin/resources/app/out/vs/workbench/api/node/extensionHostProcess.js:137:5310)
	at s (/opt/vscodium-bin/resources/app/out/vs/workbench/api/node/extensionHostProcess.js:30:829)
	at f._deactivate (/opt/vscodium-bin/resources/app/out/vs/workbench/api/node/extensionHostProcess.js:154:12879)
	at /opt/vscodium-bin/resources/app/out/vs/workbench/api/node/extensionHostProcess.js:154:10120
	at Array.map (<anonymous>)
	at f._deactivateAll (/opt/vscodium-bin/resources/app/out/vs/workbench/api/node/extensionHostProcess.js:154:10107)
	at f.terminate (/opt/vscodium-bin/resources/app/out/vs/workbench/api/node/extensionHostProcess.js:154:10490)
	at s.terminate (/opt/vscodium-bin/resources/app/out/vs/workbench/api/node/extensionHostProcess.js:158:1908)
	at a (/opt/vscodium-bin/resources/app/out/vs/workbench/api/node/extensionHostProcess.js:171:11536)
	at MessagePortMain.<anonymous> (/opt/vscodium-bin/resources/app/out/vs/workbench/api/node/extensionHostProcess.js:171:7611)
	at MessagePortMain.emit (node:events:513:28)
	at MessagePortMain._internalPort.emit (node:electron/js2c/utility_init:2:367) setContext undefined
2024-01-11 20:14:21.480 [error] Canceled: Canceled
	at new m (/opt/vscodium-bin/resources/app/out/vs/workbench/api/node/extensionHostProcess.js:141:121511)
	at u._remoteCall (/opt/vscodium-bin/resources/app/out/vs/workbench/api/node/extensionHostProcess.js:150:13781)
	at P.<computed>.x.charCodeAt.P.<computed> (/opt/vscodium-bin/resources/app/out/vs/workbench/api/node/extensionHostProcess.js:150:10333)
	at h._doExecuteCommand (/opt/vscodium-bin/resources/app/out/vs/workbench/api/node/extensionHostProcess.js:141:158052)
	at h.executeCommand (/opt/vscodium-bin/resources/app/out/vs/workbench/api/node/extensionHostProcess.js:141:157377)
	at b.registerCommand.description (/opt/vscodium-bin/resources/app/out/vs/workbench/api/node/extensionHostProcess.js:141:156621)
	at h._executeContributedCommand (/opt/vscodium-bin/resources/app/out/vs/workbench/api/node/extensionHostProcess.js:141:158690)
	at h._doExecuteCommand (/opt/vscodium-bin/resources/app/out/vs/workbench/api/node/extensionHostProcess.js:141:157510)
	at h.executeCommand (/opt/vscodium-bin/resources/app/out/vs/workbench/api/node/extensionHostProcess.js:141:157377)
	at Object.executeCommand (/opt/vscodium-bin/resources/app/out/vs/workbench/api/node/extensionHostProcess.js:158:27516)
	at set b [as b] (/opt/vscodium-bin/resources/app/extensions/github/dist/extension.js:2:322313)
	at /opt/vscodium-bin/resources/app/extensions/github/dist/extension.js:2:322954
	at f.value (/opt/vscodium-bin/resources/app/extensions/git/dist/main.js:2:1016399)
	at n._deliver (/opt/vscodium-bin/resources/app/out/vs/workbench/api/node/extensionHostProcess.js:80:2465)
	at n._deliverQueue (/opt/vscodium-bin/resources/app/out/vs/workbench/api/node/extensionHostProcess.js:80:2556)
	at n.fire (/opt/vscodium-bin/resources/app/out/vs/workbench/api/node/extensionHostProcess.js:80:2891)
	at Object.m [as dispose] (/opt/vscodium-bin/resources/app/extensions/git/dist/main.js:2:940562)
	at /opt/vscodium-bin/resources/app/extensions/git/dist/main.js:2:945515
	at Array.forEach (<anonymous>)
	at p.dispose (/opt/vscodium-bin/resources/app/extensions/git/dist/main.js:2:945501)
	at l.<anonymous> (/opt/vscodium-bin/resources/app/out/vs/workbench/api/node/extensionHostProcess.js:137:5213)
	at l.dispose (/opt/vscodium-bin/resources/app/out/vs/workbench/api/node/extensionHostProcess.js:137:5310)
	at l.<anonymous> (/opt/vscodium-bin/resources/app/extensions/git/dist/main.js:2:926657)
	at l.dispose (/opt/vscodium-bin/resources/app/out/vs/workbench/api/node/extensionHostProcess.js:137:5310)
	at s (/opt/vscodium-bin/resources/app/out/vs/workbench/api/node/extensionHostProcess.js:30:829)
	at f._deactivate (/opt/vscodium-bin/resources/app/out/vs/workbench/api/node/extensionHostProcess.js:154:12879)
	at /opt/vscodium-bin/resources/app/out/vs/workbench/api/node/extensionHostProcess.js:154:10120
	at Array.map (<anonymous>)
	at f._deactivateAll (/opt/vscodium-bin/resources/app/out/vs/workbench/api/node/extensionHostProcess.js:154:10107)
	at f.terminate (/opt/vscodium-bin/resources/app/out/vs/workbench/api/node/extensionHostProcess.js:154:10490)
	at s.terminate (/opt/vscodium-bin/resources/app/out/vs/workbench/api/node/extensionHostProcess.js:158:1908)
	at a (/opt/vscodium-bin/resources/app/out/vs/workbench/api/node/extensionHostProcess.js:171:11536)
	at MessagePortMain.<anonymous> (/opt/vscodium-bin/resources/app/out/vs/workbench/api/node/extensionHostProcess.js:171:7611)
	at MessagePortMain.emit (node:events:513:28)
	at MessagePortMain._internalPort.emit (node:electron/js2c/utility_init:2:367) setContext undefined
2024-01-11 20:14:21.480 [info] Extension host with pid 20499 exiting with code 0
