2024-01-11 20:14:52.768 [info] Added views:workbench.panel.markers.view in workbench.panel.markers
2024-01-11 20:14:52.768 [info] Added views:workbench.panel.output in workbench.panel.output
2024-01-11 20:14:52.768 [info] Added views:terminal in terminal
2024-01-11 20:14:52.768 [info] Added views:outline in workbench.view.explorer
2024-01-11 20:14:52.768 [info] Added views:workbench.scm in workbench.view.scm
2024-01-11 20:14:52.768 [info] Added views:workbench.view.search in workbench.view.search
2024-01-11 20:14:52.768 [info] Added views:timeline in workbench.view.explorer
2024-01-11 20:14:52.768 [info] Added views:workbench.explorer.fileView in workbench.view.explorer
2024-01-11 20:14:52.898 [info] Added views:workbench.debug.welcome in workbench.view.debug
2024-01-11 20:14:52.916 [info] Added views:~remote.forwardedPorts in ~remote.forwardedPortsContainer
2024-01-11 20:14:52.961 [info] Added views:workbench.panel.repl.view in workbench.panel.repl
2024-01-11 20:15:50.344 [info] Added views:workbench.views.profiles.export.preview in userDataProfiles
2024-01-11 20:15:53.280 [info] Removed views:workbench.views.profiles.export.preview from userDataProfiles
2024-01-11 20:34:34.383 [info] Added views:workbench.views.extensions.installed,workbench.views.extensions.popular,extensions.recommendedList in workbench.view.extensions
2024-01-11 20:34:34.385 [info] Removed views:workbench.views.extensions.popular from workbench.view.extensions
2024-01-11 20:34:34.472 [info] Added views:workbench.views.extensions.popular in workbench.view.extensions
2024-01-11 20:34:36.980 [info] Removed views:extensions.recommendedList,workbench.views.extensions.popular,workbench.views.extensions.installed from workbench.view.extensions
2024-01-11 20:34:36.984 [info] Added views:workbench.views.extensions.marketplace in workbench.view.extensions
2024-01-11 20:35:26.247 [info] Added views:rustDependencies in workbench.view.explorer
2024-01-11 20:35:33.028 [info] Added views:workbench.panel.markers.view in workbench.panel.markers
2024-01-11 20:35:33.028 [info] Added views:workbench.panel.output in workbench.panel.output
2024-01-11 20:35:33.028 [info] Added views:terminal in terminal
2024-01-11 20:35:33.028 [info] Added views:outline in workbench.view.explorer
2024-01-11 20:35:33.028 [info] Added views:workbench.scm in workbench.view.scm
2024-01-11 20:35:33.028 [info] Added views:workbench.view.search in workbench.view.search
2024-01-11 20:35:33.028 [info] Added views:timeline in workbench.view.explorer
2024-01-11 20:35:33.028 [info] Added views:workbench.explorer.fileView in workbench.view.explorer
2024-01-11 20:35:33.100 [info] Added views:workbench.debug.welcome in workbench.view.debug
2024-01-11 20:35:33.281 [info] Added views:workbench.panel.repl.view in workbench.panel.repl
2024-01-11 20:35:33.317 [info] Added views:workbench.views.extensions.installed,extensions.recommendedList in workbench.view.extensions
2024-01-11 20:35:33.320 [info] Added views:~remote.forwardedPorts in ~remote.forwardedPortsContainer
2024-01-11 20:35:33.505 [info] Added views:rustDependencies in workbench.view.explorer
2024-01-11 20:35:38.969 [info] Removed views:extensions.recommendedList,workbench.views.extensions.installed from workbench.view.extensions
2024-01-11 20:35:38.972 [info] Added views:workbench.views.extensions.marketplace in workbench.view.extensions
2024-01-11 20:36:01.615 [info] Added views:test-explorer in workbench.view.extension.test
2024-01-11 21:19:05.139 [info] Removed views:workbench.views.extensions.marketplace from workbench.view.extensions
2024-01-11 21:19:05.144 [info] Added views:workbench.views.extensions.installed,extensions.recommendedList in workbench.view.extensions
2024-01-11 21:19:06.788 [info] Removed views:extensions.recommendedList,workbench.views.extensions.installed from workbench.view.extensions
2024-01-11 21:19:06.791 [info] Added views:workbench.views.extensions.marketplace in workbench.view.extensions
2024-01-11 21:19:11.977 [info] Removed views:workbench.views.extensions.marketplace from workbench.view.extensions
2024-01-11 21:19:11.994 [info] Added views:workbench.views.extensions.installed,extensions.recommendedList in workbench.view.extensions
