Mono path[0] = '/home/erikf/.local/share/Steam/steamapps/common/shapez 2 Demo/shapez 2_Data/Managed'
Mono config path = '/home/erikf/.local/share/Steam/steamapps/common/shapez 2 Demo/shapez 2_Data/MonoBleedingEdge/etc'
Preloaded 'libFileBrowser.so'
Preloaded 'libProcessStart.so'
Preloaded 'lib_burst_generated.so'
Preloaded 'libsteam_api.so'
Unable to preload the following plugins:
	sqlite3.so
Display 0 'DP-1 28"': 1920x1080 (primary device).
Display 1 'HDMI-A-1 24"': 1920x1080 (secondary device).
[Physics::Module] Initialized MultithreadedJobDispatcher with 15 workers.
Desktop is 1920 x 1080 @ 60 Hz
[Vulkan init] extensions: count=23
[Vulkan init] extensions: name=VK_EXT_acquire_drm_display [enabled=0, external=0]
[Vulkan init] extensions: name=VK_EXT_acquire_xlib_display [enabled=0, external=0]
[Vulkan init] extensions: name=VK_EXT_debug_report [enabled=0, external=0]
[Vulkan init] extensions: name=VK_EXT_debug_utils [enabled=0, external=0]
[Vulkan init] extensions: name=VK_EXT_direct_mode_display [enabled=0, external=0]
[Vulkan init] extensions: name=VK_EXT_display_surface_counter [enabled=0, external=0]
[Vulkan init] extensions: name=VK_EXT_surface_maintenance1 [enabled=0, external=0]
[Vulkan init] extensions: name=VK_EXT_swapchain_colorspace [enabled=1, external=0]
[Vulkan init] extensions: name=VK_KHR_device_group_creation [enabled=0, external=0]
[Vulkan init] extensions: name=VK_KHR_display [enabled=1, external=0]
[Vulkan init] extensions: name=VK_KHR_external_fence_capabilities [enabled=1, external=0]
[Vulkan init] extensions: name=VK_KHR_external_memory_capabilities [enabled=1, external=0]
[Vulkan init] extensions: name=VK_KHR_external_semaphore_capabilities [enabled=1, external=0]
[Vulkan init] extensions: name=VK_KHR_get_display_properties2 [enabled=0, external=0]
[Vulkan init] extensions: name=VK_KHR_get_physical_device_properties2 [enabled=1, external=0]
[Vulkan init] extensions: name=VK_KHR_get_surface_capabilities2 [enabled=0, external=0]
[Vulkan init] extensions: name=VK_KHR_portability_enumeration [enabled=0, external=0]
[Vulkan init] extensions: name=VK_KHR_surface [enabled=1, external=0]
[Vulkan init] extensions: name=VK_KHR_surface_protected_capabilities [enabled=0, external=0]
[Vulkan init] extensions: name=VK_KHR_wayland_surface [enabled=1, external=0]
[Vulkan init] extensions: name=VK_KHR_xcb_surface [enabled=0, external=0]
[Vulkan init] extensions: name=VK_KHR_xlib_surface [enabled=1, external=0]
[Vulkan init] extensions: name=VK_LUNARG_direct_driver_loading [enabled=0, external=0]
Vulkan detection: 2
Initialize engine version: 2022.3.10f1 (ff3792e53c62)
[Subsystems] Discovering subsystems at path /home/erikf/.local/share/Steam/steamapps/common/shapez 2 Demo/shapez 2_Data/UnitySubsystems
GfxDevice: creating device client; threaded=1; jobified=0
[Vulkan init] extensions: count=23
[Vulkan init] extensions: name=VK_EXT_acquire_drm_display [enabled=0, external=0]
[Vulkan init] extensions: name=VK_EXT_acquire_xlib_display [enabled=0, external=0]
[Vulkan init] extensions: name=VK_EXT_debug_report [enabled=0, external=0]
[Vulkan init] extensions: name=VK_EXT_debug_utils [enabled=0, external=0]
[Vulkan init] extensions: name=VK_EXT_direct_mode_display [enabled=0, external=0]
[Vulkan init] extensions: name=VK_EXT_display_surface_counter [enabled=0, external=0]
[Vulkan init] extensions: name=VK_EXT_surface_maintenance1 [enabled=0, external=0]
[Vulkan init] extensions: name=VK_EXT_swapchain_colorspace [enabled=1, external=0]
[Vulkan init] extensions: name=VK_KHR_device_group_creation [enabled=0, external=0]
[Vulkan init] extensions: name=VK_KHR_display [enabled=1, external=0]
[Vulkan init] extensions: name=VK_KHR_external_fence_capabilities [enabled=1, external=0]
[Vulkan init] extensions: name=VK_KHR_external_memory_capabilities [enabled=1, external=0]
[Vulkan init] extensions: name=VK_KHR_external_semaphore_capabilities [enabled=1, external=0]
[Vulkan init] extensions: name=VK_KHR_get_display_properties2 [enabled=0, external=0]
[Vulkan init] extensions: name=VK_KHR_get_physical_device_properties2 [enabled=1, external=0]
[Vulkan init] extensions: name=VK_KHR_get_surface_capabilities2 [enabled=0, external=0]
[Vulkan init] extensions: name=VK_KHR_portability_enumeration [enabled=0, external=0]
[Vulkan init] extensions: name=VK_KHR_surface [enabled=1, external=0]
[Vulkan init] extensions: name=VK_KHR_surface_protected_capabilities [enabled=0, external=0]
[Vulkan init] extensions: name=VK_KHR_wayland_surface [enabled=1, external=0]
[Vulkan init] extensions: name=VK_KHR_xcb_surface [enabled=0, external=0]
[Vulkan init] extensions: name=VK_KHR_xlib_surface [enabled=1, external=0]
[Vulkan init] extensions: name=VK_LUNARG_direct_driver_loading [enabled=0, external=0]
[Vulkan init] SelectPhysicalDevice requestedDeviceIndex=-1 xrDevice=(nil)
[Vulkan init] Physical Device 0xacbe60 [0]: "AMD Radeon RX 7900 XT (RADV NAVI31)" deviceType=2 vendorID=1002 deviceID=744c
[Vulkan init] Physical Device 0x91ea30 [1]: "AMD Radeon Graphics (RADV RAPHAEL_MENDOCINO)" deviceType=1 vendorID=1002 deviceID=164e
[Vulkan init] Selected physical device 0xacbe60
[Vulkan init] Graphics queue count=1
[Vulkan init] extensions: count=167
[Vulkan init] extensions: name=VK_AMD_buffer_marker [enabled=0, external=0]
[Vulkan init] extensions: name=VK_AMD_device_coherent_memory [enabled=0, external=0]
[Vulkan init] extensions: name=VK_AMD_draw_indirect_count [enabled=0, external=0]
[Vulkan init] extensions: name=VK_AMD_gcn_shader [enabled=0, external=0]
[Vulkan init] extensions: name=VK_AMD_gpu_shader_half_float [enabled=0, external=0]
[Vulkan init] extensions: name=VK_AMD_gpu_shader_int16 [enabled=0, external=0]
[Vulkan init] extensions: name=VK_AMD_memory_overallocation_behavior [enabled=0, external=0]
[Vulkan init] extensions: name=VK_AMD_mixed_attachment_samples [enabled=0, external=0]
[Vulkan init] extensions: name=VK_AMD_shader_ballot [enabled=0, external=0]
[Vulkan init] extensions: name=VK_AMD_shader_core_properties [enabled=0, external=0]
[Vulkan init] extensions: name=VK_AMD_shader_core_properties2 [enabled=0, external=0]
[Vulkan init] extensions: name=VK_AMD_shader_early_and_late_fragment_tests [enabled=0, external=0]
[Vulkan init] extensions: name=VK_AMD_shader_explicit_vertex_parameter [enabled=0, external=0]
[Vulkan init] extensions: name=VK_AMD_shader_image_load_store_lod [enabled=0, external=0]
[Vulkan init] extensions: name=VK_AMD_shader_trinary_minmax [enabled=0, external=0]
[Vulkan init] extensions: name=VK_EXT_4444_formats [enabled=1, external=0]
[Vulkan init] extensions: name=VK_EXT_attachment_feedback_loop_dynamic_state [enabled=0, external=0]
[Vulkan init] extensions: name=VK_EXT_attachment_feedback_loop_layout [enabled=0, external=0]
[Vulkan init] extensions: name=VK_EXT_border_color_swizzle [enabled=0, external=0]
[Vulkan init] extensions: name=VK_EXT_buffer_device_address [enabled=0, external=0]
[Vulkan init] extensions: name=VK_EXT_calibrated_timestamps [enabled=0, external=0]
[Vulkan init] extensions: name=VK_EXT_color_write_enable [enabled=0, external=0]
[Vulkan init] extensions: name=VK_EXT_conditional_rendering [enabled=0, external=0]
[Vulkan init] extensions: name=VK_EXT_conservative_rasterization [enabled=1, external=0]
[Vulkan init] extensions: name=VK_EXT_custom_border_color [enabled=0, external=0]
[Vulkan init] extensions: name=VK_EXT_depth_bias_control [enabled=0, external=0]
[Vulkan init] extensions: name=VK_EXT_depth_clip_control [enabled=0, external=0]
[Vulkan init] extensions: name=VK_EXT_depth_clip_enable [enabled=0, external=0]
[Vulkan init] extensions: name=VK_EXT_depth_range_unrestricted [enabled=0, external=0]
[Vulkan init] extensions: name=VK_EXT_descriptor_buffer [enabled=0, external=0]
[Vulkan init] extensions: name=VK_EXT_descriptor_indexing [enabled=0, external=0]
[Vulkan init] extensions: name=VK_EXT_discard_rectangles [enabled=0, external=0]
[Vulkan init] extensions: name=VK_EXT_display_control [enabled=0, external=0]
[Vulkan init] extensions: name=VK_EXT_dynamic_rendering_unused_attachments [enabled=0, external=0]
[Vulkan init] extensions: name=VK_EXT_extended_dynamic_state [enabled=0, external=0]
[Vulkan init] extensions: name=VK_EXT_extended_dynamic_state2 [enabled=0, external=0]
[Vulkan init] extensions: name=VK_EXT_extended_dynamic_state3 [enabled=0, external=0]
[Vulkan init] extensions: name=VK_EXT_external_memory_acquire_unmodified [enabled=0, external=0]
[Vulkan init] extensions: name=VK_EXT_external_memory_dma_buf [enabled=0, external=0]
[Vulkan init] extensions: name=VK_EXT_external_memory_host [enabled=1, external=0]
[Vulkan init] extensions: name=VK_EXT_fragment_shader_interlock [enabled=0, external=0]
[Vulkan init] extensions: name=VK_EXT_global_priority [enabled=0, external=0]
[Vulkan init] extensions: name=VK_EXT_global_priority_query [enabled=0, external=0]
[Vulkan init] extensions: name=VK_EXT_graphics_pipeline_library [enabled=0, external=0]
[Vulkan init] extensions: name=VK_EXT_host_query_reset [enabled=0, external=0]
[Vulkan init] extensions: name=VK_EXT_image_2d_view_of_3d [enabled=0, external=0]
[Vulkan init] extensions: name=VK_EXT_image_drm_format_modifier [enabled=0, external=0]
[Vulkan init] extensions: name=VK_EXT_image_robustness [enabled=0, external=0]
[Vulkan init] extensions: name=VK_EXT_image_sliced_view_of_3d [enabled=0, external=0]
[Vulkan init] extensions: name=VK_EXT_image_view_min_lod [enabled=0, external=0]
[Vulkan init] extensions: name=VK_EXT_index_type_uint8 [enabled=0, external=0]
[Vulkan init] extensions: name=VK_EXT_inline_uniform_block [enabled=0, external=0]
[Vulkan init] extensions: name=VK_EXT_line_rasterization [enabled=0, external=0]
[Vulkan init] extensions: name=VK_EXT_load_store_op_none [enabled=1, external=0]
[Vulkan init] extensions: name=VK_EXT_memory_budget [enabled=1, external=0]
[Vulkan init] extensions: name=VK_EXT_memory_priority [enabled=1, external=0]
[Vulkan init] extensions: name=VK_EXT_mesh_shader [enabled=0, external=0]
[Vulkan init] extensions: name=VK_EXT_multi_draw [enabled=0, external=0]
[Vulkan init] extensions: name=VK_EXT_mutable_descriptor_type [enabled=0, external=0]
[Vulkan init] extensions: name=VK_EXT_non_seamless_cube_map [enabled=0, external=0]
[Vulkan init] extensions: name=VK_EXT_pci_bus_info [enabled=0, external=0]
[Vulkan init] extensions: name=VK_EXT_physical_device_drm [enabled=0, external=0]
[Vulkan init] extensions: name=VK_EXT_pipeline_creation_cache_control [enabled=0, external=0]
[Vulkan init] extensions: name=VK_EXT_pipeline_creation_feedback [enabled=0, external=0]
[Vulkan init] extensions: name=VK_EXT_pipeline_library_group_handles [enabled=0, external=0]
[Vulkan init] extensions: name=VK_EXT_pipeline_robustness [enabled=0, external=0]
[Vulkan init] extensions: name=VK_EXT_post_depth_coverage [enabled=0, external=0]
[Vulkan init] extensions: name=VK_EXT_primitive_topology_list_restart [enabled=0, external=0]
[Vulkan init] extensions: name=VK_EXT_primitives_generated_query [enabled=0, external=0]
[Vulkan init] extensions: name=VK_EXT_private_data [enabled=0, external=0]
[Vulkan init] extensions: name=VK_EXT_provoking_vertex [enabled=0, external=0]
[Vulkan init] extensions: name=VK_EXT_queue_family_foreign [enabled=1, external=0]
[Vulkan init] extensions: name=VK_EXT_robustness2 [enabled=0, external=0]
[Vulkan init] extensions: name=VK_EXT_sampler_filter_minmax [enabled=0, external=0]
[Vulkan init] extensions: name=VK_EXT_scalar_block_layout [enabled=1, external=0]
[Vulkan init] extensions: name=VK_EXT_separate_stencil_usage [enabled=0, external=0]
[Vulkan init] extensions: name=VK_EXT_shader_atomic_float [enabled=0, external=0]
[Vulkan init] extensions: name=VK_EXT_shader_atomic_float2 [enabled=0, external=0]
[Vulkan init] extensions: name=VK_EXT_shader_demote_to_helper_invocation [enabled=0, external=0]
[Vulkan init] extensions: name=VK_EXT_shader_image_atomic_int64 [enabled=0, external=0]
[Vulkan init] extensions: name=VK_EXT_shader_module_identifier [enabled=0, external=0]
[Vulkan init] extensions: name=VK_EXT_shader_stencil_export [enabled=0, external=0]
[Vulkan init] extensions: name=VK_EXT_shader_subgroup_ballot [enabled=0, external=0]
[Vulkan init] extensions: name=VK_EXT_shader_subgroup_vote [enabled=0, external=0]
[Vulkan init] extensions: name=VK_EXT_shader_viewport_index_layer [enabled=1, external=0]
[Vulkan init] extensions: name=VK_EXT_subgroup_size_control [enabled=0, external=0]
[Vulkan init] extensions: name=VK_EXT_swapchain_maintenance1 [enabled=0, external=0]
[Vulkan init] extensions: name=VK_EXT_texel_buffer_alignment [enabled=0, external=0]
[Vulkan init] extensions: name=VK_EXT_tooling_info [enabled=0, external=0]
[Vulkan init] extensions: name=VK_EXT_transform_feedback [enabled=0, external=0]
[Vulkan init] extensions: name=VK_EXT_vertex_attribute_divisor [enabled=0, external=0]
[Vulkan init] extensions: name=VK_EXT_vertex_input_dynamic_state [enabled=0, external=0]
[Vulkan init] extensions: name=VK_EXT_ycbcr_image_arrays [enabled=0, external=0]
[Vulkan init] extensions: name=VK_GOOGLE_decorate_string [enabled=0, external=0]
[Vulkan init] extensions: name=VK_GOOGLE_hlsl_functionality1 [enabled=0, external=0]
[Vulkan init] extensions: name=VK_GOOGLE_user_type [enabled=0, external=0]
[Vulkan init] extensions: name=VK_INTEL_shader_integer_functions2 [enabled=0, external=0]
[Vulkan init] extensions: name=VK_KHR_16bit_storage [enabled=1, external=0]
[Vulkan init] extensions: name=VK_KHR_8bit_storage [enabled=0, external=0]
[Vulkan init] extensions: name=VK_KHR_acceleration_structure [enabled=0, external=0]
[Vulkan init] extensions: name=VK_KHR_bind_memory2 [enabled=1, external=0]
[Vulkan init] extensions: name=VK_KHR_buffer_device_address [enabled=0, external=0]
[Vulkan init] extensions: name=VK_KHR_cooperative_matrix [enabled=0, external=0]
[Vulkan init] extensions: name=VK_KHR_copy_commands2 [enabled=0, external=0]
[Vulkan init] extensions: name=VK_KHR_create_renderpass2 [enabled=1, external=0]
[Vulkan init] extensions: name=VK_KHR_dedicated_allocation [enabled=1, external=0]
[Vulkan init] extensions: name=VK_KHR_deferred_host_operations [enabled=0, external=0]
[Vulkan init] extensions: name=VK_KHR_depth_stencil_resolve [enabled=1, external=0]
[Vulkan init] extensions: name=VK_KHR_descriptor_update_template [enabled=1, external=0]
[Vulkan init] extensions: name=VK_KHR_device_group [enabled=0, external=0]
[Vulkan init] extensions: name=VK_KHR_draw_indirect_count [enabled=0, external=0]
[Vulkan init] extensions: name=VK_KHR_driver_properties [enabled=1, external=0]
[Vulkan init] extensions: name=VK_KHR_dynamic_rendering [enabled=0, external=0]
[Vulkan init] extensions: name=VK_KHR_external_fence [enabled=1, external=0]
[Vulkan init] extensions: name=VK_KHR_external_fence_fd [enabled=1, external=0]
[Vulkan init] extensions: name=VK_KHR_external_memory [enabled=1, external=0]
[Vulkan init] extensions: name=VK_KHR_external_memory_fd [enabled=1, external=0]
[Vulkan init] extensions: name=VK_KHR_external_semaphore [enabled=1, external=0]
[Vulkan init] extensions: name=VK_KHR_external_semaphore_fd [enabled=1, external=0]
[Vulkan init] extensions: name=VK_KHR_format_feature_flags2 [enabled=0, external=0]
[Vulkan init] extensions: name=VK_KHR_fragment_shader_barycentric [enabled=0, external=0]
[Vulkan init] extensions: name=VK_KHR_fragment_shading_rate [enabled=1, external=0]
[Vulkan init] extensions: name=VK_KHR_get_memory_requirements2 [enabled=1, external=0]
[Vulkan init] extensions: name=VK_KHR_global_priority [enabled=0, external=0]
[Vulkan init] extensions: name=VK_KHR_image_format_list [enabled=1, external=0]
[Vulkan init] extensions: name=VK_KHR_imageless_framebuffer [enabled=0, external=0]
[Vulkan init] extensions: name=VK_KHR_incremental_present [enabled=0, external=0]
[Vulkan init] extensions: name=VK_KHR_maintenance1 [enabled=1, external=0]
[Vulkan init] extensions: name=VK_KHR_maintenance2 [enabled=1, external=0]
[Vulkan init] extensions: name=VK_KHR_maintenance3 [enabled=0, external=0]
[Vulkan init] extensions: name=VK_KHR_maintenance4 [enabled=0, external=0]
[Vulkan init] extensions: name=VK_KHR_maintenance5 [enabled=0, external=0]
[Vulkan init] extensions: name=VK_KHR_map_memory2 [enabled=0, external=0]
[Vulkan init] extensions: name=VK_KHR_multiview [enabled=1, external=0]
[Vulkan init] extensions: name=VK_KHR_pipeline_executable_properties [enabled=0, external=0]
[Vulkan init] extensions: name=VK_KHR_pipeline_library [enabled=0, external=0]
[Vulkan init] extensions: name=VK_KHR_push_descriptor [enabled=0, external=0]
[Vulkan init] extensions: name=VK_KHR_ray_query [enabled=0, external=0]
[Vulkan init] extensions: name=VK_KHR_ray_tracing_maintenance1 [enabled=0, external=0]
[Vulkan init] extensions: name=VK_KHR_ray_tracing_pipeline [enabled=0, external=0]
[Vulkan init] extensions: name=VK_KHR_relaxed_block_layout [enabled=0, external=0]
[Vulkan init] extensions: name=VK_KHR_sampler_mirror_clamp_to_edge [enabled=1, external=0]
[Vulkan init] extensions: name=VK_KHR_sampler_ycbcr_conversion [enabled=1, external=0]
[Vulkan init] extensions: name=VK_KHR_separate_depth_stencil_layouts [enabled=0, external=0]
[Vulkan init] extensions: name=VK_KHR_shader_atomic_int64 [enabled=1, external=0]
[Vulkan init] extensions: name=VK_KHR_shader_clock [enabled=0, external=0]
[Vulkan init] extensions: name=VK_KHR_shader_draw_parameters [enabled=0, external=0]
[Vulkan init] extensions: name=VK_KHR_shader_float16_int8 [enabled=1, external=0]
[Vulkan init] extensions: name=VK_KHR_shader_float_controls [enabled=0, external=0]
[Vulkan init] extensions: name=VK_KHR_shader_integer_dot_product [enabled=0, external=0]
[Vulkan init] extensions: name=VK_KHR_shader_non_semantic_info [enabled=1, external=0]
[Vulkan init] extensions: name=VK_KHR_shader_subgroup_extended_types [enabled=0, external=0]
[Vulkan init] extensions: name=VK_KHR_shader_subgroup_uniform_control_flow [enabled=0, external=0]
[Vulkan init] extensions: name=VK_KHR_shader_terminate_invocation [enabled=0, external=0]
[Vulkan init] extensions: name=VK_KHR_spirv_1_4 [enabled=0, external=0]
[Vulkan init] extensions: name=VK_KHR_storage_buffer_storage_class [enabled=1, external=0]
[Vulkan init] extensions: name=VK_KHR_swapchain [enabled=1, external=0]
[Vulkan init] extensions: name=VK_KHR_swapchain_mutable_format [enabled=1, external=0]
[Vulkan init] extensions: name=VK_KHR_synchronization2 [enabled=0, external=0]
[Vulkan init] extensions: name=VK_KHR_timeline_semaphore [enabled=0, external=0]
[Vulkan init] extensions: name=VK_KHR_uniform_buffer_standard_layout [enabled=0, external=0]
[Vulkan init] extensions: name=VK_KHR_variable_pointers [enabled=0, external=0]
[Vulkan init] extensions: name=VK_KHR_vulkan_memory_model [enabled=0, external=0]
[Vulkan init] extensions: name=VK_KHR_workgroup_memory_explicit_layout [enabled=0, external=0]
[Vulkan init] extensions: name=VK_KHR_zero_initialize_workgroup_memory [enabled=0, external=0]
[Vulkan init] extensions: name=VK_NV_compute_shader_derivatives [enabled=0, external=0]
[Vulkan init] extensions: name=VK_VALVE_mutable_descriptor_type [enabled=0, external=0]
Fossilize INFO: Overriding serialization path: "/home/erikf/.local/share/Steam/steamapps/shadercache/2642190/fozpipelinesv6/steamapprun_pipeline_cache".
Vulkan API version 1.1.0 (1.3.267 supported by driver, 1.1.0 requested)
Vulkan vendor=[ATI] id=[1002]
Vulkan renderer=[AMD Radeon RX 7900 XT (RADV NAVI31)] id=[744c]
Vulkan device type 2
Vulkan driverversion=[0x05c03004] uint=[96481284]
Vulkan PSO: cache data not found [path=/tmp/tobspr Games/shapez 2/vulkan_pso_cache.bin]
Begin MonoManager ReloadAssembly
- Loaded All Assemblies, in  0.049 seconds
- Finished resetting the current domain, in  0.001 seconds
requesting resize 1920 x 1080
Using native desktop resolution 1920 x 1080
requesting fullscreen 1920 x 1080 at 0/1 Hz
Desktop is 1920 x 1080 @ 60 Hz
InitializeOrResetSwapChain 1920x1080 hdr=0 samples=1
UnloadTime: 0.444890 ms
Preload::Start
Preload::Fetch build info
Environment:: Build date: 2024-01-10 21:42:21Z
Preload::Load mods
Preload::Init settings
Not loading dev settings on non-prod build
Preload::Init volumes
Preload::Init display
GraphicSettings:: Applying
Camera UICamera has no Volume component
Init display settings
DisplaySettings::Prepare resolution, stored is 1920 x 1080 / FullScreen
DisplaySettings:: Screen.SetResolution 1920 x 1080 (From 1920 x 1080) FullScreen
Init sounds
Init DOTWeen
Preload::Start
Mount PreloaderStoreInitState(Clone)
Initializing store SDK for platform Steam -> SteamStoreSDK
[S_API] SteamAPI_Init(): Loaded '/home/erikf/.local/share/Steam/linux64/steamclient.so' OK.
Setting breakpad minidump AppID = 2642190
SteamInternal_SetMinidumpSteamID:  Caching Steam ID:  76561198209040831 [API loaded no]
Initialized store SDK for platform Steam
Unmount PreloaderStoreInitState(Clone)
Mount PreloaderSplashState(Clone)
requesting resize 1920 x 1080
Using native desktop resolution 1920 x 1080
requesting fullscreen 1920 x 1080 at 0/1 Hz
Desktop is 1920 x 1080 @ 60 Hz
InitializeOrResetSwapChain 1920x1080 hdr=0 samples=1
Unmount PreloaderSplashState(Clone)
Mount PreloaderPreloadState(Clone)
Preloader:: Starting preload
Preloader:: Loading defines
Core:: DEVELOPMENT_BUILD: DISABLED
Core:: UNITY_EDITOR: DISABLED
Core:: SPZ_PLATFORM_STEAM: ENABLED
Core:: SPZ_EDITION_FULL: DISABLED
Core:: SPZ_EDITION_DEMO: ENABLED
Preloader:: Init Application Handlers
Preloader:: Init DOTWeen
Preloader:: Reading build date
Environment:: Build date: 2024-01-10 21:42:21Z
Preloader:: Preparing statics
Preloader:: Init keybindings
Preloader:: Init savegames
Preloader:: Creating savegames folder
Preloader:: Loading settings
Preloader:: Init Volume Control
Preloader:: Creating localization
Preloader:: Loading translations
Preloader:: Loading language
Loading translations, preferred = autodetect
Language auto detected: en-US
Loaded translator: en-US
Preloader:: Setting language 'English' as current
Preloader:: Init analytics
Preloader:: Loading global scene
Preloader:: Initializing Game Analytics
Preloader:: Global scene loaded
Preloader:: Loading resources preloader
Preloader:: Preloading resources
Preloader:: Preloading shaders ...
Preloader:: Preloaded 0 / 269 shaders
Preloader:: Preloaded 5 / 269 shaders
Preloader:: Preloaded 10 / 269 shaders
Preloader:: Preloaded 15 / 269 shaders
Preloader:: Preloaded 20 / 269 shaders
Preloader:: Preloaded 25 / 269 shaders
Preloader:: Preloaded 30 / 269 shaders
Preloader:: Preloaded 35 / 269 shaders
Preloader:: Preloaded 40 / 269 shaders
Preloader:: Preloaded 45 / 269 shaders
Preloader:: Preloaded 50 / 269 shaders
Preloader:: Preloaded 55 / 269 shaders
Preloader:: Preloaded 60 / 269 shaders
Preloader:: Preloaded 65 / 269 shaders
Preloader:: Preloaded 70 / 269 shaders
Preloader:: Preloaded 75 / 269 shaders
Preloader:: Preloaded 80 / 269 shaders
Preloader:: Preloaded 85 / 269 shaders
Preloader:: Preloaded 90 / 269 shaders
Preloader:: Preloaded 95 / 269 shaders
Preloader:: Preloaded 100 / 269 shaders
Preloader:: Preloaded 105 / 269 shaders
Preloader:: Preloaded 110 / 269 shaders
Preloader:: Preloaded 115 / 269 shaders
Preloader:: Preloaded 120 / 269 shaders
Preloader:: Preloaded 125 / 269 shaders
Preloader:: Preloaded 130 / 269 shaders
Preloader:: Preloaded 135 / 269 shaders
Preloader:: Preloaded 140 / 269 shaders
Preloader:: Preloaded 145 / 269 shaders
Preloader:: Preloaded 150 / 269 shaders
Preloader:: Preloaded 155 / 269 shaders
Preloader:: Preloaded 160 / 269 shaders
Preloader:: Preloaded 165 / 269 shaders
Preloader:: Preloaded 170 / 269 shaders
Preloader:: Preloaded 175 / 269 shaders
Preloader:: Preloaded 180 / 269 shaders
Preloader:: Preloaded 185 / 269 shaders
Preloader:: Preloaded 190 / 269 shaders
Preloader:: Preloaded 195 / 269 shaders
Preloader:: Preloaded 200 / 269 shaders
Preloader:: Preloaded 205 / 269 shaders
Preloader:: Preloaded 210 / 269 shaders
Preloader:: Preloaded 215 / 269 shaders
Preloader:: Preloaded 220 / 269 shaders
Preloader:: Preloaded 225 / 269 shaders
Preloader:: Preloaded 230 / 269 shaders
Preloader:: Preloaded 235 / 269 shaders
Preloader:: Preloaded 240 / 269 shaders
Preloader:: Preloaded 245 / 269 shaders
Preloader:: Preloaded 250 / 269 shaders
Preloader:: Preloaded 255 / 269 shaders
Preloader:: Preloaded 260 / 269 shaders
Preloader:: Preloaded 265 / 269 shaders
Preloader:: Preloaded 266 / 269 shaders
Preloader:: Resources preloaded.
Preloader:: Init building animations
Preloader:: Adjusting font settings
Preloader:: Globals initialized.
Preloader:: Initialized
Finish loading sequence
Unmount PreloaderPreloadState(Clone)
Mount PreloaderTelemetryState(Clone)
Initializing analytics
Initializing unity analytics ...
Failed to init analytics: System.NotSupportedException: The StopDataCollection() method cannot be used before StartDataCollection() has been called.
  at Unity.Services.Analytics.AnalyticsServiceInstance.StopDataCollection () [0x00037] in <afd5df8b715f4cc8b99f13a4a01cb848>:0 
  at UnityAnalyticsWrapper.Init (System.Boolean enabled) [0x00119] in <73c47eae93d84bd39260562b683c713f>:0 
Unmount PreloaderTelemetryState(Clone)
Mount PreloaderGraphicSettingsState(Clone)
Selected graphics preset Extreme
Unmount PreloaderGraphicSettingsState(Clone)
Mount PreloaderChangelogState(Clone)
Loaded 23 changelog entries
Unmount PreloaderChangelogState(Clone)
Mount PreloaderDevAgreementState(Clone)
Unmount PreloaderDevAgreementState(Clone)
Unloading 7 Unused Serialized files (Serialized files now loaded: 0)
UnloadTime: 1.746541 ms
Unloading 585 unused Assets to reduce memory usage. Loaded Objects now: 9803.
Total: 2.758431 ms (FindLiveObjects: 0.272090 ms CreateObjectMapping: 0.096830 ms MarkObjects: 2.293391 ms  DeleteObjects: 0.095980 ms)

MenuController::Step 0: Init Globals
MenuController::Step 1: Start
DisplaySettings::Prepare resolution, stored is 1920 x 1080 / FullScreen
DisplaySettings:: Screen.SetResolution 1920 x 1080 (From 1920 x 1080) FullScreen
SavegameSerializer:: Read savegame with game mode DemoGameMode, checkpoints: True
requesting resize 1920 x 1080
Using native desktop resolution 1920 x 1080
requesting fullscreen 1920 x 1080 at 0/1 Hz
Desktop is 1920 x 1080 @ 60 Hz
InitializeOrResetSwapChain 1920x1080 hdr=0 samples=1
Background savegame: Scene Loaded
Core:: OnGlobalsInitialized
DisplaySettings::Prepare resolution, stored is 1920 x 1080 / FullScreen
DisplaySettings:: Screen.SetResolution 1920 x 1080 (From 1920 x 1080) FullScreen
Core::Continue savegame with mode DemoGameMode
SavegameSerializer::Init research after research tree load
SavegameSerializer::Deserialize local player
SavegameSerializer::Deserialize map
GraphicSettings:: Applying
MusicManager:: Fade in MainMenuMusicSoundEffect
Background savegame: Game core loaded
MenuController::Step 2: Game loaded
MenuController::Preparing camera for menu
Loaded 23 changelog entries
requesting resize 1920 x 1080
Using native desktop resolution 1920 x 1080
requesting fullscreen 1920 x 1080 at 0/1 Hz
Desktop is 1920 x 1080 @ 60 Hz
InitializeOrResetSwapChain 1920x1080 hdr=0 samples=1
Menu: Discovered savegames:0
No savegames found.
Start game of mode Demo with seed 75520
Unloading 5 Unused Serialized files (Serialized files now loaded: 0)
UnloadTime: 2.266960 ms
Unloading 6754 unused Assets to reduce memory usage. Loaded Objects now: 8558.
Total: 9.452832 ms (FindLiveObjects: 0.431500 ms CreateObjectMapping: 0.156870 ms MarkObjects: 4.993791 ms  DeleteObjects: 3.870501 ms)

Unloading 5 Unused Serialized files (Serialized files now loaded: 0)
UnloadTime: 0.172850 ms
Core:: OnGlobalsInitialized
DisplaySettings::Prepare resolution, stored is 1920 x 1080 / FullScreen
DisplaySettings:: Screen.SetResolution 1920 x 1080 (From 1920 x 1080) FullScreen
Core::Start new savegame with mode GameModeConfig
GraphicSettings:: Applying
MusicManager:: Fade in GameMusicTrack_16_SoundEffect
requesting resize 1920 x 1080
Using native desktop resolution 1920 x 1080
requesting fullscreen 1920 x 1080 at 0/1 Hz
Desktop is 1920 x 1080 @ 60 Hz
InitializeOrResetSwapChain 1920x1080 hdr=0 samples=1
Unloading 10 unused Assets to reduce memory usage. Loaded Objects now: 24121.
Total: 7.080022 ms (FindLiveObjects: 0.794621 ms CreateObjectMapping: 0.204070 ms MarkObjects: 6.060641 ms  DeleteObjects: 0.020520 ms)

SavegameCoordinator:: Saving game
MusicManager:: Fade in GameMusicTrack_18_SoundEffect
SavegameCoordinator:: Saving game
MusicManager:: Fade in GameMusicTrack_18_SoundEffect
SavegameCoordinator:: Saving game
MusicManager:: Fade in GameMusicTrack_TrainsChoo_SoundEffect
SavegameCoordinator:: Saving game
MusicManager:: Fade in GameMusicTrack_28_SoundEffect
MusicManager:: Fade in GameMusicTrack_TrainsChoo_SoundEffect
SavegameCoordinator:: Saving game
MusicManager:: Fade in GameMusicTrack_18_SoundEffect
SavegameCoordinator:: Saving game
MusicManager:: Fade in GameMusicTrack_16_SoundEffect
SavegameCoordinator:: Saving game
MusicManager:: Fade in GameMusicTrack_15_SoundEffect
<color=#0099bc><b>DOTWEEN ► </b></color>Max Tweens reached: capacity has automatically been increased from 500/50 to 500/125. Use DOTween.SetTweensCapacity to set it manually at startup
SavegameCoordinator:: Saving game
MusicManager:: Fade in GameMusicTrack_28_SoundEffect
SavegameCoordinator:: Saving game
SavegameCoordinator:: Saving game
GameCore - finished loading unloading scene
<color=#0099bc><b>DOTWEEN ► </b></color>Tween startup failed (NULL target/property - ): the tween will now be killed ► 
Unloading 5 Unused Serialized files (Serialized files now loaded: 0)
UnloadTime: 0.309500 ms
MenuController::Step 0: Init Globals
MenuController::Step 1: Start
DisplaySettings::Prepare resolution, stored is 1920 x 1080 / FullScreen
DisplaySettings:: Screen.SetResolution 1920 x 1080 (From 1920 x 1080) FullScreen
SavegameSerializer:: Read savegame with game mode DemoGameMode, checkpoints: True
requesting resize 1920 x 1080
Using native desktop resolution 1920 x 1080
requesting fullscreen 1920 x 1080 at 0/1 Hz
Desktop is 1920 x 1080 @ 60 Hz
InitializeOrResetSwapChain 1920x1080 hdr=0 samples=1
Unloading 6290 unused Assets to reduce memory usage. Loaded Objects now: 10675.
Total: 13.335232 ms (FindLiveObjects: 0.538190 ms CreateObjectMapping: 0.174070 ms MarkObjects: 8.476171 ms  DeleteObjects: 4.146591 ms)

Background savegame: Scene Loaded
Core:: OnGlobalsInitialized
DisplaySettings::Prepare resolution, stored is 1920 x 1080 / FullScreen
DisplaySettings:: Screen.SetResolution 1920 x 1080 (From 1920 x 1080) FullScreen
Core::Continue savegame with mode DemoGameMode
SavegameSerializer::Init research after research tree load
SavegameSerializer::Deserialize local player
SavegameSerializer::Deserialize map
GraphicSettings:: Applying
MusicManager:: Fade in MainMenuMusicSoundEffect
Background savegame: Game core loaded
MenuController::Step 2: Game loaded
MenuController::Preparing camera for menu
Loaded 23 changelog entries
requesting resize 1920 x 1080
Using native desktop resolution 1920 x 1080
requesting fullscreen 1920 x 1080 at 0/1 Hz
Desktop is 1920 x 1080 @ 60 Hz
InitializeOrResetSwapChain 1920x1080 hdr=0 samples=1
SavegameSerializer:: Read savegame with game mode DemoGameMode, checkpoints: True
Game to continue found, date = 2/5/2024 8:06:03 PM / /home/erikf/.config/unity3d/tobspr Games/shapez 2/savegames/142e27dc-8964-45ee-a1b4-3baaef842ad7/backup-v10-2024-2-05--20-06-03--3825390.spz2
GameCore - ApplicationQuit
Setting up 4 worker threads for Enlighten.
<color=#ff7337><color=#0099bc><b>DOTWEEN ► </b></color> SAFE MODE ►</color> DOTween's safe mode captured 1 errors. This is usually ok (it's what safe mode is there for) but if your game is encountering issues you should set Log Behaviour to Default in DOTween Utility Panel in order to get detailed warnings when an error is captured (consider that these errors are always on the user side).
- 1 startup errors
Vulkan PSO: data extracted [new size=1022364, old size=0, incomplete=0]
Vulkan PSO: Saved size[1022364] path[/tmp/tobspr Games/shapez 2/vulkan_pso_cache.bin] success=1 headerChanged=1 sizeChanged=1
Memory Statistics:
[ALLOC_TEMP_TLS] TLS Allocator
  StackAllocators : 
    [ALLOC_TEMP_MAIN]
      Peak usage frame count: [0-1.0 KB]: 493 frames, [1.0 KB-2.0 KB]: 4 frames, [4.0 KB-8.0 KB]: 3162 frames, [8.0 KB-16.0 KB]: 8188 frames, [16.0 KB-32.0 KB]: 3306 frames, [32.0 KB-64.0 KB]: 112533 frames, [64.0 KB-128.0 KB]: 141 frames, [128.0 KB-256.0 KB]: 35 frames, [256.0 KB-0.5 MB]: 27 frames, [0.5 MB-1.0 MB]: 5 frames, [1.0 MB-2.0 MB]: 1 frames, [2.0 MB-4.0 MB]: 3 frames, [4.0 MB-8.0 MB]: 1 frames
      Initial Block Size 4.0 MB
      Current Block Size 5.5 MB
      Peak Allocated Bytes 5.2 MB
      Overflow Count 0
    [ALLOC_TEMP_Background Job.worker 4]
      Initial Block Size 32.0 KB
      Current Block Size 32.0 KB
      Peak Allocated Bytes 0 B
      Overflow Count 0
    [ALLOC_TEMP_Loading.PreloadManager]
      Initial Block Size 256.0 KB
      Current Block Size 508.0 KB
      Peak Allocated Bytes 502.2 KB
      Overflow Count 198
    [ALLOC_TEMP_Background Job.worker 3]
      Initial Block Size 32.0 KB
      Current Block Size 32.0 KB
      Peak Allocated Bytes 0 B
      Overflow Count 0
    [ALLOC_TEMP_Background Job.worker 11]
      Initial Block Size 32.0 KB
      Current Block Size 32.0 KB
      Peak Allocated Bytes 0 B
      Overflow Count 0
    [ALLOC_TEMP_Background Job.worker 7]
      Initial Block Size 32.0 KB
      Current Block Size 32.0 KB
      Peak Allocated Bytes 0 B
      Overflow Count 0
    [ALLOC_TEMP_Background Job.worker 6]
      Initial Block Size 32.0 KB
      Current Block Size 32.0 KB
      Peak Allocated Bytes 0 B
      Overflow Count 0
    [ALLOC_TEMP_Job.worker 11]
      Initial Block Size 256.0 KB
      Current Block Size 256.0 KB
      Peak Allocated Bytes 4.3 KB
      Overflow Count 0
    [ALLOC_TEMP_CloudJob.worker 0]
      Initial Block Size 32.0 KB
      Current Block Size 40.0 KB
      Peak Allocated Bytes 28.9 KB
      Overflow Count 0
    [ALLOC_TEMP_Background Job.worker 12]
      Initial Block Size 32.0 KB
      Current Block Size 32.0 KB
      Peak Allocated Bytes 0 B
      Overflow Count 0
    [ALLOC_TEMP_Background Job.worker 10]
      Initial Block Size 32.0 KB
      Current Block Size 32.0 KB
      Peak Allocated Bytes 0 B
      Overflow Count 0
    [ALLOC_TEMP_Background Job.worker 9]
      Initial Block Size 32.0 KB
      Current Block Size 32.0 KB
      Peak Allocated Bytes 0 B
      Overflow Count 0
    [ALLOC_TEMP_Job.worker 0]
      Initial Block Size 256.0 KB
      Current Block Size 256.0 KB
      Peak Allocated Bytes 4.3 KB
      Overflow Count 0
    [ALLOC_TEMP_Job.worker 4]
      Initial Block Size 256.0 KB
      Current Block Size 256.0 KB
      Peak Allocated Bytes 21.2 KB
      Overflow Count 0
    [ALLOC_TEMP_Job.worker 5]
      Initial Block Size 256.0 KB
      Current Block Size 256.0 KB
      Peak Allocated Bytes 18.5 KB
      Overflow Count 0
    [ALLOC_TEMP_Job.worker 14]
      Initial Block Size 256.0 KB
      Current Block Size 256.0 KB
      Peak Allocated Bytes 4.3 KB
      Overflow Count 0
    [ALLOC_TEMP_Background Job.worker 2]
      Initial Block Size 32.0 KB
      Current Block Size 32.0 KB
      Peak Allocated Bytes 110 B
      Overflow Count 1
    [ALLOC_TEMP_Job.worker 13]
      Initial Block Size 256.0 KB
      Current Block Size 256.0 KB
      Peak Allocated Bytes 4.3 KB
      Overflow Count 0
    [ALLOC_TEMP_Background Job.worker 1]
      Initial Block Size 32.0 KB
      Current Block Size 32.0 KB
      Peak Allocated Bytes 190 B
      Overflow Count 0
    [ALLOC_TEMP_EnlightenWorker] x 4
      Initial Block Size 64.0 KB
      Current Block Size 64.0 KB
      Peak Allocated Bytes 0 B
      Overflow Count 0
    [ALLOC_TEMP_Job.worker 1]
      Initial Block Size 256.0 KB
      Current Block Size 256.0 KB
      Peak Allocated Bytes 25.0 KB
      Overflow Count 0
    [ALLOC_TEMP_Job.worker 3]
      Initial Block Size 256.0 KB
      Current Block Size 256.0 KB
      Peak Allocated Bytes 21.6 KB
      Overflow Count 0
    [ALLOC_TEMP_Background Job.worker 13]
      Initial Block Size 32.0 KB
      Current Block Size 32.0 KB
      Peak Allocated Bytes 0 B
      Overflow Count 0
    [ALLOC_TEMP_Background Job.worker 5]
      Initial Block Size 32.0 KB
      Current Block Size 32.0 KB
      Peak Allocated Bytes 0 B
      Overflow Count 0
    [ALLOC_TEMP_Job.worker 12]
      Initial Block Size 256.0 KB
      Current Block Size 256.0 KB
      Peak Allocated Bytes 4.3 KB
      Overflow Count 0
    [ALLOC_TEMP_UnityGfxDeviceWorker]
      Initial Block Size 256.0 KB
      Current Block Size 256.0 KB
      Peak Allocated Bytes 137.7 KB
      Overflow Count 3
    [ALLOC_TEMP_AssetGarbageCollectorHelper] x 15
      Initial Block Size 64.0 KB
      Current Block Size 64.0 KB
      Peak Allocated Bytes 0 B
      Overflow Count 0
    [ALLOC_TEMP_Background Job.worker 15]
      Initial Block Size 32.0 KB
      Current Block Size 32.0 KB
      Peak Allocated Bytes 0 B
      Overflow Count 0
    [ALLOC_TEMP_Background Job.worker 8]
      Initial Block Size 32.0 KB
      Current Block Size 32.0 KB
      Peak Allocated Bytes 0 B
      Overflow Count 0
    [ALLOC_TEMP_Job.worker 2]
      Initial Block Size 256.0 KB
      Current Block Size 256.0 KB
      Peak Allocated Bytes 25.0 KB
      Overflow Count 0
    [ALLOC_TEMP_Job.worker 10]
      Initial Block Size 256.0 KB
      Current Block Size 256.0 KB
      Peak Allocated Bytes 4.3 KB
      Overflow Count 0
    [ALLOC_TEMP_Job.worker 7]
      Initial Block Size 256.0 KB
      Current Block Size 256.0 KB
      Peak Allocated Bytes 19.4 KB
      Overflow Count 0
    [ALLOC_TEMP_Job.worker 9]
      Initial Block Size 256.0 KB
      Current Block Size 256.0 KB
      Peak Allocated Bytes 20.2 KB
      Overflow Count 0
    [ALLOC_TEMP_Background Job.worker 0]
      Initial Block Size 32.0 KB
      Current Block Size 32.0 KB
      Peak Allocated Bytes 0 B
      Overflow Count 0
    [ALLOC_TEMP_Job.worker 6]
      Initial Block Size 256.0 KB
      Current Block Size 256.0 KB
      Peak Allocated Bytes 19.2 KB
      Overflow Count 0
    [ALLOC_TEMP_Job.worker 8]
      Initial Block Size 256.0 KB
      Current Block Size 256.0 KB
      Peak Allocated Bytes 17.9 KB
      Overflow Count 0
    [ALLOC_TEMP_Background Job.worker 14]
      Initial Block Size 32.0 KB
      Current Block Size 32.0 KB
      Peak Allocated Bytes 0 B
      Overflow Count 0
    [ALLOC_TEMP_Loading.AsyncRead]
      Initial Block Size 64.0 KB
      Current Block Size 64.0 KB
      Peak Allocated Bytes 160 B
      Overflow Count 0
    [ALLOC_TEMP_BatchDeleteObjects]
      Initial Block Size 64.0 KB
      Current Block Size 64.0 KB
      Peak Allocated Bytes 0 B
      Overflow Count 0
[ALLOC_DEFAULT] Dual Thread Allocator
  Peak main deferred allocation count 6576
    [ALLOC_BUCKET]
      Large Block size 4.0 MB
      Used Block count 1
      Peak Allocated bytes 4.0 MB
      Failed Allocations. Bucket layout:
        16B: 12 Subsections = 12288 buckets. Failed count: 41913607
        32B: 38 Subsections = 19456 buckets. Failed count: 10035006
        48B: 44 Subsections = 15018 buckets. Failed count: 22640742
        64B: 81 Subsections = 20736 buckets. Failed count: 242214
        80B: 40 Subsections = 8192 buckets. Failed count: 13832704
        96B: 19 Subsections = 3242 buckets. Failed count: 3502284
        112B: 8 Subsections = 1170 buckets. Failed count: 305365
        128B: 14 Subsections = 1792 buckets. Failed count: 29486
    [ALLOC_DEFAULT_MAIN]
      Peak usage frame count: [32.0 MB-64.0 MB]: 2724 frames, [64.0 MB-128.0 MB]: 125175 frames
      Requested Block Size 16.0 MB
      Peak Block count 6
      Peak Allocated memory 112.6 MB
      Peak Large allocation bytes 32.5 MB
    [ALLOC_DEFAULT_THREAD]
      Peak usage frame count: [16.0 MB-32.0 MB]: 2171 frames, [32.0 MB-64.0 MB]: 63 frames, [64.0 MB-128.0 MB]: 166 frames, [128.0 MB-256.0 MB]: 282 frames, [256.0 MB-0.50 GB]: 125217 frames
      Requested Block Size 16.0 MB
      Peak Block count 5
      Peak Allocated memory 420.6 MB
      Peak Large allocation bytes 364.3 MB
[ALLOC_TEMP_JOB_1_FRAME]
  Initial Block Size 2.0 MB
  Used Block Count 0
  Overflow Count (too large) 0
  Overflow Count (full) 0
[ALLOC_TEMP_JOB_2_FRAMES]
  Initial Block Size 2.0 MB
  Used Block Count 0
  Overflow Count (too large) 0
  Overflow Count (full) 0
[ALLOC_TEMP_JOB_4_FRAMES (JobTemp)]
  Initial Block Size 2.0 MB
  Used Block Count 1
  Overflow Count (too large) 0
  Overflow Count (full) 0
[ALLOC_TEMP_JOB_ASYNC (Background)]
  Initial Block Size 1.0 MB
  Used Block Count 1
  Overflow Count (too large) 3
  Overflow Count (full) 0
[ALLOC_GFX] Dual Thread Allocator
  Peak main deferred allocation count 961
    [ALLOC_BUCKET]
      Large Block size 4.0 MB
      Used Block count 1
      Peak Allocated bytes 4.0 MB
      Failed Allocations. Bucket layout:
        16B: 12 Subsections = 12288 buckets. Failed count: 41913607
        32B: 38 Subsections = 19456 buckets. Failed count: 10035006
        48B: 44 Subsections = 15018 buckets. Failed count: 22640742
        64B: 81 Subsections = 20736 buckets. Failed count: 242214
        80B: 40 Subsections = 8192 buckets. Failed count: 13832704
        96B: 19 Subsections = 3242 buckets. Failed count: 3502284
        112B: 8 Subsections = 1170 buckets. Failed count: 305365
        128B: 14 Subsections = 1792 buckets. Failed count: 29486
    [ALLOC_GFX_MAIN]
      Peak usage frame count: [32.0 KB-64.0 KB]: 248 frames, [64.0 KB-128.0 KB]: 1518 frames, [128.0 KB-256.0 KB]: 291 frames, [256.0 KB-0.5 MB]: 667 frames, [1.0 MB-2.0 MB]: 1 frames, [4.0 MB-8.0 MB]: 259 frames, [8.0 MB-16.0 MB]: 27 frames, [16.0 MB-32.0 MB]: 113 frames, [32.0 MB-64.0 MB]: 286 frames, [64.0 MB-128.0 MB]: 124489 frames
      Requested Block Size 16.0 MB
      Peak Block count 8
      Peak Allocated memory 113.4 MB
      Peak Large allocation bytes 0 B
    [ALLOC_GFX_THREAD]
      Peak usage frame count: [8.0 MB-16.0 MB]: 1088 frames, [64.0 MB-128.0 MB]: 126811 frames
      Requested Block Size 16.0 MB
      Peak Block count 7
      Peak Allocated memory 104.8 MB
      Peak Large allocation bytes 0 B
[ALLOC_CACHEOBJECTS] Dual Thread Allocator
  Peak main deferred allocation count 35
    [ALLOC_BUCKET]
      Large Block size 4.0 MB
      Used Block count 1
      Peak Allocated bytes 4.0 MB
      Failed Allocations. Bucket layout:
        16B: 12 Subsections = 12288 buckets. Failed count: 41913607
        32B: 38 Subsections = 19456 buckets. Failed count: 10035006
        48B: 44 Subsections = 15018 buckets. Failed count: 22640742
        64B: 81 Subsections = 20736 buckets. Failed count: 242214
        80B: 40 Subsections = 8192 buckets. Failed count: 13832704
        96B: 19 Subsections = 3242 buckets. Failed count: 3502284
        112B: 8 Subsections = 1170 buckets. Failed count: 305365
        128B: 14 Subsections = 1792 buckets. Failed count: 29486
    [ALLOC_CACHEOBJECTS_MAIN]
      Peak usage frame count: [8.0 MB-16.0 MB]: 127898 frames, [16.0 MB-32.0 MB]: 1 frames
      Requested Block Size 4.0 MB
      Peak Block count 5
      Peak Allocated memory 25.7 MB
      Peak Large allocation bytes 13.8 MB
    [ALLOC_CACHEOBJECTS_THREAD]
      Peak usage frame count: [64.0 MB-128.0 MB]: 2371 frames, [128.0 MB-256.0 MB]: 125528 frames
      Requested Block Size 4.0 MB
      Peak Block count 17
      Peak Allocated memory 167.3 MB
      Peak Large allocation bytes 103.0 MB
[ALLOC_TYPETREE] Dual Thread Allocator
  Peak main deferred allocation count 0
    [ALLOC_BUCKET]
      Large Block size 4.0 MB
      Used Block count 1
      Peak Allocated bytes 4.0 MB
      Failed Allocations. Bucket layout:
        16B: 12 Subsections = 12288 buckets. Failed count: 41913607
        32B: 38 Subsections = 19456 buckets. Failed count: 10035006
        48B: 44 Subsections = 15018 buckets. Failed count: 22640742
        64B: 81 Subsections = 20736 buckets. Failed count: 242214
        80B: 40 Subsections = 8192 buckets. Failed count: 13832704
        96B: 19 Subsections = 3242 buckets. Failed count: 3502284
        112B: 8 Subsections = 1170 buckets. Failed count: 305365
        128B: 14 Subsections = 1792 buckets. Failed count: 29486
    [ALLOC_TYPETREE_MAIN]
      Peak usage frame count: [1.0 KB-2.0 KB]: 5180 frames, [4.0 KB-8.0 KB]: 122719 frames
      Requested Block Size 2.0 MB
      Peak Block count 1
      Peak Allocated memory 6.0 KB
      Peak Large allocation bytes 0 B
    [ALLOC_TYPETREE_THREAD]
      Peak usage frame count: [4.0 KB-8.0 KB]: 1088 frames, [64.0 KB-128.0 KB]: 126811 frames
      Requested Block Size 2.0 MB
      Peak Block count 1
      Peak Allocated memory 83.9 KB
      Peak Large allocation bytes 0 B
