2024-01-11 20:14:53.005 [info] Log level: Info
2024-01-11 20:14:53.005 [info] Validating found git in: "git"
2024-01-11 20:14:53.005 [info] Using git "2.43.0" from "git"
2024-01-11 20:14:53.005 [info] > git rev-parse --show-toplevel [2ms]
2024-01-11 20:14:53.006 [info] > git rev-parse --git-dir --git-common-dir [1ms]
2024-01-11 20:14:53.009 [info] Open repository: /home/erikf/projects/kth/erikfran-raytracer
2024-01-11 20:14:53.017 [info] > git rev-parse --show-toplevel [1ms]
2024-01-11 20:14:53.017 [info] > git config --get commit.template [4ms]
2024-01-11 20:14:53.024 [info] > git rev-parse --show-toplevel [3ms]
2024-01-11 20:14:53.027 [info] > git for-each-ref --format=%(refname)%00%(upstream:short)%00%(objectname)%00%(upstream:track)%00%(upstream:remotename)%00%(upstream:remoteref) refs/heads/main refs/remotes/main [4ms]
2024-01-11 20:14:53.027 [info] > git rev-parse --show-toplevel [1ms]
2024-01-11 20:14:53.033 [info] > git rev-parse --show-toplevel [3ms]
2024-01-11 20:14:53.034 [info] > git status -z -uall [1ms]
2024-01-11 20:14:53.042 [info] > git config --get commit.template [3ms]
2024-01-11 20:14:53.042 [info] > git for-each-ref --format=%(refname)%00%(upstream:short)%00%(objectname)%00%(upstream:track)%00%(upstream:remotename)%00%(upstream:remoteref) refs/heads/main refs/remotes/main [1ms]
2024-01-11 20:14:53.060 [info] > git status -z -uall [1ms]
2024-01-11 20:14:53.521 [info] > git check-ignore -v -z --stdin [0ms]
2024-01-11 20:15:29.683 [info] > git check-ignore -v -z --stdin [1ms]
2024-01-11 20:15:30.492 [info] > git check-ignore -v -z --stdin [1ms]
2024-01-11 20:15:32.484 [info] > git show --textconv :gpu/src/compute.rs [4ms]
2024-01-11 20:15:32.484 [info] > git ls-files --stage -- /home/erikf/projects/kth/erikfran-raytracer/gpu/src/compute.rs [0ms]
2024-01-11 20:15:32.488 [info] > git cat-file -s 6ba188b290574b7b30307b1429671a3566458b32 [1ms]
2024-01-11 20:15:35.342 [info] > git show --textconv :gpu/src/shader.wgsl [3ms]
2024-01-11 20:15:35.343 [info] > git ls-files --stage -- /home/erikf/projects/kth/erikfran-raytracer/gpu/src/shader.wgsl [0ms]
2024-01-11 20:15:35.346 [info] > git cat-file -s f09207bff275effee58ff628ef32af2ff4526fb1 [1ms]
2024-01-11 20:16:03.352 [info] > git show --textconv :gpu/src/shader.wgsl [3ms]
2024-01-11 20:16:03.352 [info] > git ls-files --stage -- /home/erikf/projects/kth/erikfran-raytracer/gpu/src/shader.wgsl [0ms]
2024-01-11 20:16:03.356 [info] > git cat-file -s f09207bff275effee58ff628ef32af2ff4526fb1 [1ms]
2024-01-11 20:16:11.375 [info] > git merge-base refs/heads/main refs/remotes/origin/main [1ms]
2024-01-11 20:16:11.379 [info] > git rev-list --count --left-right refs/heads/main...refs/remotes/origin/main [1ms]
2024-01-11 20:35:28.346 [info] > git config --get commit.template [4ms]
2024-01-11 20:35:28.347 [info] > git for-each-ref --format=%(refname)%00%(upstream:short)%00%(objectname)%00%(upstream:track)%00%(upstream:remotename)%00%(upstream:remoteref) refs/heads/main refs/remotes/main [1ms]
2024-01-11 20:35:28.352 [info] > git status -z -uall [2ms]
2024-01-11 20:35:33.402 [info] Log level: Info
2024-01-11 20:35:33.402 [info] Validating found git in: "git"
2024-01-11 20:35:33.402 [info] Using git "2.43.0" from "git"
2024-01-11 20:35:33.402 [info] > git rev-parse --show-toplevel [2ms]
2024-01-11 20:35:33.402 [info] > git rev-parse --git-dir --git-common-dir [0ms]
2024-01-11 20:35:33.402 [info] Open repository: /home/erikf/projects/kth/erikfran-raytracer
2024-01-11 20:35:33.402 [info] > git rev-parse --show-toplevel [3ms]
2024-01-11 20:35:33.402 [info] > git config --get commit.template [6ms]
2024-01-11 20:35:33.402 [info] > git rev-parse --show-toplevel [17ms]
2024-01-11 20:35:33.406 [info] > git for-each-ref --format=%(refname)%00%(upstream:short)%00%(objectname)%00%(upstream:track)%00%(upstream:remotename)%00%(upstream:remoteref) refs/heads/main refs/remotes/main [15ms]
2024-01-11 20:35:33.407 [info] > git rev-parse --show-toplevel [2ms]
2024-01-11 20:35:33.413 [info] > git rev-parse --show-toplevel [3ms]
2024-01-11 20:35:33.421 [info] > git status -z -uall [4ms]
2024-01-11 20:35:33.421 [info] > git rev-parse --show-toplevel [1ms]
2024-01-11 20:35:33.428 [info] > git config --get commit.template [0ms]
2024-01-11 20:35:33.432 [info] > git for-each-ref --format=%(refname)%00%(upstream:short)%00%(objectname)%00%(upstream:track)%00%(upstream:remotename)%00%(upstream:remoteref) refs/heads/main refs/remotes/main [1ms]
2024-01-11 20:35:33.436 [info] > git status -z -uall [1ms]
2024-01-11 20:35:33.672 [info] > git show --textconv :gpu/src/shader.wgsl [4ms]
2024-01-11 20:35:33.673 [info] > git ls-files --stage -- /home/erikf/projects/kth/erikfran-raytracer/gpu/src/shader.wgsl [1ms]
2024-01-11 20:35:33.677 [info] > git cat-file -s f09207bff275effee58ff628ef32af2ff4526fb1 [1ms]
2024-01-11 20:35:33.883 [info] > git check-ignore -v -z --stdin [1ms]
2024-01-11 20:35:35.582 [info] > git config --get commit.template [5ms]
2024-01-11 20:35:35.582 [info] > git for-each-ref --format=%(refname)%00%(upstream:short)%00%(objectname)%00%(upstream:track)%00%(upstream:remotename)%00%(upstream:remoteref) refs/heads/main refs/remotes/main [1ms]
2024-01-11 20:35:35.587 [info] > git status -z -uall [1ms]
2024-01-11 20:36:06.366 [info] > git show --textconv :gpu/src/shader.wgsl [4ms]
2024-01-11 20:36:06.366 [info] > git ls-files --stage -- /home/erikf/projects/kth/erikfran-raytracer/gpu/src/shader.wgsl [0ms]
2024-01-11 20:36:06.370 [info] > git cat-file -s f09207bff275effee58ff628ef32af2ff4526fb1 [1ms]
2024-01-11 20:36:08.625 [info] > git show --textconv :gpu/src/compute.rs [3ms]
2024-01-11 20:36:08.626 [info] > git ls-files --stage -- /home/erikf/projects/kth/erikfran-raytracer/gpu/src/compute.rs [1ms]
2024-01-11 20:36:08.629 [info] > git cat-file -s 6ba188b290574b7b30307b1429671a3566458b32 [1ms]
2024-01-11 20:36:13.066 [info] > git check-ignore -v -z --stdin [1ms]
2024-01-11 20:36:16.955 [info] > git config --get commit.template [5ms]
2024-01-11 20:36:16.955 [info] > git for-each-ref --format=%(refname)%00%(upstream:short)%00%(objectname)%00%(upstream:track)%00%(upstream:remotename)%00%(upstream:remoteref) refs/heads/main refs/remotes/main [1ms]
2024-01-11 20:36:16.959 [info] > git status -z -uall [1ms]
2024-01-11 20:36:18.044 [info] > git show --textconv :gpu/src/shader.wgsl [4ms]
2024-01-11 20:36:18.045 [info] > git ls-files --stage -- /home/erikf/projects/kth/erikfran-raytracer/gpu/src/shader.wgsl [0ms]
2024-01-11 20:36:18.049 [info] > git cat-file -s f09207bff275effee58ff628ef32af2ff4526fb1 [1ms]
2024-01-11 20:36:21.970 [info] > git config --get commit.template [3ms]
2024-01-11 20:36:21.970 [info] > git for-each-ref --format=%(refname)%00%(upstream:short)%00%(objectname)%00%(upstream:track)%00%(upstream:remotename)%00%(upstream:remoteref) refs/heads/main refs/remotes/main [1ms]
2024-01-11 20:36:21.975 [info] > git status -z -uall [1ms]
2024-01-11 20:36:24.145 [info] > git show --textconv :gpu/src/compute.rs [4ms]
2024-01-11 20:36:24.146 [info] > git ls-files --stage -- /home/erikf/projects/kth/erikfran-raytracer/gpu/src/compute.rs [1ms]
2024-01-11 20:36:24.149 [info] > git cat-file -s 6ba188b290574b7b30307b1429671a3566458b32 [0ms]
2024-01-11 21:03:47.448 [info] > git show --textconv :gpu/src/shader.wgsl [4ms]
2024-01-11 21:03:47.448 [info] > git ls-files --stage -- /home/erikf/projects/kth/erikfran-raytracer/gpu/src/shader.wgsl [0ms]
2024-01-11 21:03:47.452 [info] > git cat-file -s f09207bff275effee58ff628ef32af2ff4526fb1 [1ms]
2024-01-11 21:04:22.687 [info] > git config --get commit.template [4ms]
2024-01-11 21:04:22.687 [info] > git for-each-ref --format=%(refname)%00%(upstream:short)%00%(objectname)%00%(upstream:track)%00%(upstream:remotename)%00%(upstream:remoteref) refs/heads/main refs/remotes/main [1ms]
2024-01-11 21:04:22.692 [info] > git status -z -uall [1ms]
2024-01-11 21:04:37.823 [info] > git config --get commit.template [4ms]
2024-01-11 21:04:37.823 [info] > git for-each-ref --format=%(refname)%00%(upstream:short)%00%(objectname)%00%(upstream:track)%00%(upstream:remotename)%00%(upstream:remoteref) refs/heads/main refs/remotes/main [0ms]
2024-01-11 21:04:37.828 [info] > git status -z -uall [1ms]
2024-01-11 21:05:13.778 [info] > git config --get commit.template [4ms]
2024-01-11 21:05:13.778 [info] > git for-each-ref --format=%(refname)%00%(upstream:short)%00%(objectname)%00%(upstream:track)%00%(upstream:remotename)%00%(upstream:remoteref) refs/heads/main refs/remotes/main [0ms]
2024-01-11 21:05:13.783 [info] > git status -z -uall [2ms]
2024-01-11 21:05:27.962 [info] > git config --get commit.template [4ms]
2024-01-11 21:05:27.963 [info] > git for-each-ref --format=%(refname)%00%(upstream:short)%00%(objectname)%00%(upstream:track)%00%(upstream:remotename)%00%(upstream:remoteref) refs/heads/main refs/remotes/main [1ms]
2024-01-11 21:05:27.967 [info] > git status -z -uall [1ms]
2024-01-11 21:08:44.168 [info] > git config --get commit.template [4ms]
2024-01-11 21:08:44.168 [info] > git for-each-ref --format=%(refname)%00%(upstream:short)%00%(objectname)%00%(upstream:track)%00%(upstream:remotename)%00%(upstream:remoteref) refs/heads/main refs/remotes/main [1ms]
2024-01-11 21:08:44.173 [info] > git status -z -uall [2ms]
2024-01-11 21:10:05.008 [info] > git show --textconv :gpu/src/fragment.rs [4ms]
2024-01-11 21:10:05.009 [info] > git ls-files --stage -- /home/erikf/projects/kth/erikfran-raytracer/gpu/src/fragment.rs [1ms]
2024-01-11 21:10:05.012 [info] > git cat-file -s 25ab788506b09b88151d60c0c636fe936e5516f2 [0ms]
2024-01-11 21:16:03.177 [info] > git show --textconv :gpu/src/shader.wgsl [4ms]
2024-01-11 21:16:03.177 [info] > git ls-files --stage -- /home/erikf/projects/kth/erikfran-raytracer/gpu/src/shader.wgsl [1ms]
2024-01-11 21:16:03.181 [info] > git cat-file -s f09207bff275effee58ff628ef32af2ff4526fb1 [1ms]
2024-01-11 21:16:07.059 [info] > git show --textconv :gpu/src/fragment.rs [3ms]
2024-01-11 21:16:07.060 [info] > git ls-files --stage -- /home/erikf/projects/kth/erikfran-raytracer/gpu/src/fragment.rs [0ms]
2024-01-11 21:16:07.063 [info] > git cat-file -s 25ab788506b09b88151d60c0c636fe936e5516f2 [0ms]
2024-01-11 21:17:40.088 [info] > git config --get commit.template [1ms]
2024-01-11 21:17:40.092 [info] > git for-each-ref --format=%(refname)%00%(upstream:short)%00%(objectname)%00%(upstream:track)%00%(upstream:remotename)%00%(upstream:remoteref) refs/heads/main refs/remotes/main [1ms]
2024-01-11 21:17:40.097 [info] > git status -z -uall [2ms]
2024-01-11 21:17:56.463 [info] > git show --textconv :gpu/src/compute.rs [4ms]
2024-01-11 21:17:56.464 [info] > git ls-files --stage -- /home/erikf/projects/kth/erikfran-raytracer/gpu/src/compute.rs [1ms]
2024-01-11 21:17:56.468 [info] > git cat-file -s 6ba188b290574b7b30307b1429671a3566458b32 [0ms]
2024-01-11 21:18:01.186 [info] > git show --textconv :gpu/src/fragment.rs [5ms]
2024-01-11 21:18:01.193 [info] > git show --textconv :gpu/src/compute.rs [4ms]
2024-01-11 21:18:01.194 [info] > git ls-files --stage -- /home/erikf/projects/kth/erikfran-raytracer/gpu/src/fragment.rs [9ms]
2024-01-11 21:18:01.197 [info] > git ls-files --stage -- /home/erikf/projects/kth/erikfran-raytracer/gpu/src/compute.rs [4ms]
2024-01-11 21:18:01.201 [info] > git cat-file -s 25ab788506b09b88151d60c0c636fe936e5516f2 [4ms]
2024-01-11 21:18:01.201 [info] > git cat-file -s 6ba188b290574b7b30307b1429671a3566458b32 [1ms]
2024-01-11 21:19:17.759 [info] > git config --get commit.template [4ms]
2024-01-11 21:19:17.760 [info] > git for-each-ref --format=%(refname)%00%(upstream:short)%00%(objectname)%00%(upstream:track)%00%(upstream:remotename)%00%(upstream:remoteref) refs/heads/main refs/remotes/main [1ms]
2024-01-11 21:19:17.764 [info] > git status -z -uall [1ms]
2024-01-11 21:19:18.400 [info] > git show --textconv :gpu/src/shader.wgsl [4ms]
2024-01-11 21:19:18.401 [info] > git ls-files --stage -- /home/erikf/projects/kth/erikfran-raytracer/gpu/src/shader.wgsl [1ms]
2024-01-11 21:19:18.404 [info] > git cat-file -s f09207bff275effee58ff628ef32af2ff4526fb1 [1ms]
