2024-01-11 20:19:29.154 [info] Log level: Info
2024-01-11 20:19:29.154 [info] Validating found git in: "git"
2024-01-11 20:19:29.154 [info] Using git "2.43.0" from "git"
2024-01-11 20:19:29.154 [info] > git rev-parse --show-toplevel [2ms]
2024-01-11 20:19:29.154 [info] > git rev-parse --git-dir --git-common-dir [4ms]
2024-01-11 20:19:29.154 [info] Open repository: /home/erikf/projects/kth/erikfran-raytracer
2024-01-11 20:19:29.155 [info] > git config --get commit.template [5ms]
2024-01-11 20:19:29.157 [info] > git rev-parse --show-toplevel [2ms]
2024-01-11 20:19:29.165 [info] > git for-each-ref --format=%(refname)%00%(upstream:short)%00%(objectname)%00%(upstream:track)%00%(upstream:remotename)%00%(upstream:remoteref) refs/heads/main refs/remotes/main [4ms]
2024-01-11 20:19:29.166 [info] > git rev-parse --show-toplevel [2ms]
2024-01-11 20:19:29.174 [info] > git rev-parse --show-toplevel [5ms]
2024-01-11 20:19:29.177 [info] > git status -z -uall [4ms]
2024-01-11 20:19:29.184 [info] > git rev-parse --show-toplevel [7ms]
2024-01-11 20:19:29.185 [info] > git config --get commit.template [1ms]
2024-01-11 20:19:29.214 [info] > git for-each-ref --format=%(refname)%00%(upstream:short)%00%(objectname)%00%(upstream:track)%00%(upstream:remotename)%00%(upstream:remoteref) refs/heads/main refs/remotes/main [25ms]
2024-01-11 20:19:29.220 [info] > git status -z -uall [2ms]
2024-01-11 20:19:29.671 [info] > git check-ignore -v -z --stdin [0ms]
2024-01-11 20:19:41.332 [info] > git check-ignore -v -z --stdin [1ms]
2024-01-11 20:19:45.821 [info] > git check-ignore -v -z --stdin [1ms]
2024-01-11 20:19:47.088 [info] > git show --textconv :gpu/src/compute.rs [4ms]
2024-01-11 20:19:47.088 [info] > git ls-files --stage -- /home/erikf/projects/kth/erikfran-raytracer/gpu/src/compute.rs [1ms]
2024-01-11 20:19:47.093 [info] > git cat-file -s 6ba188b290574b7b30307b1429671a3566458b32 [1ms]
2024-01-11 20:19:49.461 [info] > git show --textconv :gpu/src/shader.wgsl [4ms]
2024-01-11 20:19:49.461 [info] > git ls-files --stage -- /home/erikf/projects/kth/erikfran-raytracer/gpu/src/shader.wgsl [1ms]
2024-01-11 20:19:49.466 [info] > git cat-file -s f09207bff275effee58ff628ef32af2ff4526fb1 [1ms]
2024-01-11 20:22:40.281 [info] > git show --textconv :gpu/src/shader.wgsl [4ms]
2024-01-11 20:22:40.281 [info] > git ls-files --stage -- /home/erikf/projects/kth/erikfran-raytracer/gpu/src/shader.wgsl [1ms]
2024-01-11 20:22:40.285 [info] > git cat-file -s f09207bff275effee58ff628ef32af2ff4526fb1 [1ms]
