00:00:00.266533 VirtualBox GUI VM Selector Window 7.0.14 r161095 linux.amd64 (Jan 19 2024 13:54:29) release log
00:00:00.266534 Log opened 2024-04-15T12:26:42.151443000Z
00:00:00.266535 Build Type: release
00:00:00.266536 OS Product: Linux
00:00:00.266536 OS Release: 6.8.2-arch2-1
00:00:00.266536 OS Version: #1 SMP PREEMPT_DYNAMIC Thu, 28 Mar 2024 17:06:35 +0000
00:00:00.266552 DMI Product Name: System Product Name
00:00:00.266558 DMI Product Version: System Version
00:00:00.266561 Firmware type: UEFI
00:00:00.266623 Secure Boot: Disabled
00:00:00.266640 Host RAM: 31304MB (30.5GB) total, 13138MB (12.8GB) available
00:00:00.266641 Executable: /usr/lib/virtualbox/VirtualBox
00:00:00.266641 Process ID: 33316
00:00:00.266641 Package type: LINUX_64BITS_GENERIC (OSE)
00:00:00.266650 Qt version: 5.15.13
00:00:00.267592 GUI: UIMediumEnumerator: Initial medium-enumeration finished!
00:00:00.274533 GUI: UIMediumEnumerator: Medium-enumeration started...
00:00:00.603747 GUI: UIMediumEnumerator: Medium-enumeration finished!
00:00:00.623255 GUI: UIDesktopWidgetWatchdog::sltHandleHostScreenAvailableGeometryCalculated: Screen 0 work area is actually resized to: 760x427 x 960x540
00:00:00.624485 GUI: UIDesktopWidgetWatchdog::sltHandleHostScreenAvailableGeometryCalculated: Screen 1 work area is actually resized to: 760x427 x 960x540
00:00:05.111122 ERROR [COM]: aRC=NS_ERROR_UNEXPECTED (0x8000ffff) aIID={c0447716-ff5a-4795-b57a-ecd5fffa18a4} aComponent={SessionWrap} aText={The session is not locked (session state: Unlocked)}, preserve=false aResultDetail=0
00:00:05.976451 GUI: UIMediumEnumerator: Medium-enumeration finished!
00:00:06.649867 GUI: UIMediumEnumerator: Medium-enumeration finished!
