00:00:00.002230 main     VirtualBox XPCOM Server 7.0.16 r162802 linux.amd64 (Apr 17 2024 07:13:40) release log
00:00:00.002231 main     Log opened 2024-04-19T10:06:22.407851000Z
00:00:00.002232 main     Build Type: release
00:00:00.002232 main     OS Product: Linux
00:00:00.002233 main     OS Release: 6.8.7-arch1-1
00:00:00.002233 main     OS Version: #1 SMP PREEMPT_DYNAMIC Wed, 17 Apr 2024 15:20:28 +0000
00:00:00.002247 main     DMI Product Name: System Product Name
00:00:00.002252 main     DMI Product Version: System Version
00:00:00.002255 main     Firmware type: UEFI
00:00:00.002332 main     Secure Boot: Disabled
00:00:00.002349 main     Host RAM: 31304MB (30.5GB) total, 23479MB (22.9GB) available
00:00:00.002350 main     Executable: /usr/lib/virtualbox/VBoxSVC
00:00:00.002350 main     Process ID: 10404
00:00:00.002350 main     Package type: LINUX_64BITS_GENERIC (OSE)
00:00:00.003791 main     IPC socket path: /tmp/.vbox-erikf-ipc/ipcd
00:00:00.108443 nspr-2   VirtualBox: object creation starts
00:00:00.110059 nspr-2   Home directory: '/home/erikf/.config/VirtualBox'
00:00:00.110680 nspr-2   Loading settings file "/home/erikf/.config/VirtualBox/VirtualBox.xml" with version "1.12-linux"
00:00:00.122112 nspr-2   HostDnsMonitor: initializing
00:00:00.122226 nspr-2   NAT: resolv.conf: nameserver 192.168.1.1
00:00:00.122233 nspr-2   HostDnsMonitor: updating information
00:00:00.122236 nspr-2   HostDnsMonitor: old information
00:00:00.122237 nspr-2     no server entries
00:00:00.122238 nspr-2     no domain set
00:00:00.122239 nspr-2     no search string entries
00:00:00.122240 nspr-2   HostDnsMonitor: new information
00:00:00.122241 nspr-2     server 1: 192.168.1.1
00:00:00.122242 nspr-2     domain: local
00:00:00.122243 nspr-2     search string 1: local
00:00:00.125414 nspr-2   VD: VDInit finished with VINF_SUCCESS
00:00:00.126106 nspr-2   ERROR [COM]: aRC=NS_ERROR_FAILURE (0x80004005) aIID={aac6c7cb-a371-4c58-ab51-0616896b2f2c} aComponent={SystemPropertiesWrap} aText={Cannot determine default Guest Additions ISO location. Most likely they are not available}, preserve=false aResultDetail=0
00:00:00.130095 nspr-2   Loading settings file "/home/erikf/VirtualBox VMs/Windows/Windows.vbox" with version "1.19-linux"
00:00:00.131427 nspr-2   Loading settings file "/home/erikf/VirtualBox VMs/NixOS/NixOS.vbox" with version "1.19-linux"
00:00:00.131910 nspr-2   VirtualBox: object created
00:00:00.136822 nspr-2   Launched VM: 470131872 pid: 10421 (0x28b5) frontend: headless name: NixOS
00:00:00.196723 nspr-4   WARNING [COM]: aRC=NS_ERROR_FAILURE (0x80004005) aIID={e54f6256-97a7-4947-8a78-10c013ddf4b8} aComponent={HostWrap} aText={VirtualBox is not currently allowed to access USB devices.  You can change this by adding your user to the 'vboxusers' group.  Please see the user manual for a more detailed explanation}, preserve=true aResultDetail=0
00:00:00.336645 nspr-4   ERROR [COM]: aRC=VBOX_E_OBJECT_NOT_FOUND (0x80bb0001) aIID={ad47ad09-787b-44ab-b343-a082a3f2dfb1} aComponent={MediumWrap} aText={Property 'CRYPT/KeyId' does not exist}, preserve=false aResultDetail=0
00:00:00.337183 nspr-4   ERROR [COM]: aRC=VBOX_E_OBJECT_NOT_FOUND (0x80bb0001) aIID={ad47ad09-787b-44ab-b343-a082a3f2dfb1} aComponent={MediumWrap} aText={Property 'CRYPT/KeyId' does not exist}, preserve=false aResultDetail=0
08:16:04.318664 nspr-3   ERROR [COM]: aRC=VBOX_E_INVALID_OBJECT_STATE (0x80bb0007) aIID={300763af-5d6b-46e6-aa96-273eac15538a} aComponent={MachineWrap} aText={The machine 'NixOS' is already locked by a session (or being locked or unlocked)}, preserve=false aResultDetail=0
