2024-02-12T22:31:28.819Z 0: 

----------------------------------------------
2024-02-12T22:31:28.829Z 1: Discord starting: {"releaseChannel":"stable","version":"0.0.43"}, modulepath: /home/erikf/.config/discord/0.0.43/modules
2024-02-12T22:31:28.840Z 2: ✅ webContents.created web1 ""
2024-02-12T22:31:28.850Z 3: ✅ window.created win1 "discord"
2024-02-12T22:31:29.227Z 4: ✅ webContents.did-finish-load web1
2024-02-12T22:31:35.051Z 5: ✅ webContents.created web2 ""
2024-02-12T22:31:35.056Z 6: ✅ window.created win2 "Discord"
2024-02-12T22:31:36.098Z 7: ✅ webContents.did-finish-load web2
2024-02-12T22:31:36.198Z 8: window.close win1
2024-02-12T22:31:36.209Z 9: webContents.destroyed web1
2024-02-12T22:31:36.213Z 10: window.closed win1
2024-02-13T11:05:25.017Z 0: 

----------------------------------------------
2024-02-13T11:05:25.036Z 1: Discord starting: {"releaseChannel":"stable","version":"0.0.43"}, modulepath: /home/erikf/.config/discord/0.0.43/modules
2024-02-13T11:05:25.055Z 2: ✅ webContents.created web1 ""
2024-02-13T11:05:25.059Z 3: ✅ window.created win1 "discord"
2024-02-13T11:05:25.471Z 4: ✅ webContents.did-finish-load web1
2024-02-13T11:05:25.538Z 5: ✅ webContents.created web2 ""
2024-02-13T11:05:25.541Z 6: ✅ window.created win2 "Discord"
2024-02-13T11:05:26.864Z 7: ✅ webContents.did-finish-load web2
2024-02-13T11:05:26.964Z 8: window.close win1
2024-02-13T11:05:26.967Z 9: webContents.destroyed web1
2024-02-13T11:05:26.968Z 10: window.closed win1
2024-02-14T13:53:13.926Z 0: 

----------------------------------------------
2024-02-14T13:53:13.950Z 1: Discord starting: {"releaseChannel":"stable","version":"0.0.43"}, modulepath: /home/erikf/.config/discord/0.0.43/modules
2024-02-14T13:53:13.961Z 2: ✅ webContents.created web1 ""
2024-02-14T13:53:13.966Z 3: ✅ window.created win1 "discord"
2024-02-14T13:53:14.375Z 4: ✅ webContents.did-finish-load web1
2024-02-14T13:53:14.484Z 5: ✅ webContents.created web2 ""
2024-02-14T13:53:14.489Z 6: ✅ window.created win2 "Discord"
2024-02-14T13:53:15.766Z 7: ✅ webContents.did-finish-load web2
2024-02-14T13:53:15.866Z 8: window.close win1
2024-02-14T13:53:15.871Z 9: webContents.destroyed web1
2024-02-14T13:53:15.879Z 10: window.closed win1
2024-02-15T11:52:40.284Z 0: 

----------------------------------------------
2024-02-15T11:52:40.300Z 1: Discord starting: {"releaseChannel":"stable","version":"0.0.43"}, modulepath: /home/erikf/.config/discord/0.0.43/modules
2024-02-15T11:52:40.303Z 2: ✅ webContents.created web1 ""
2024-02-15T11:52:40.310Z 3: ✅ window.created win1 "discord"
2024-02-15T11:52:40.739Z 4: ✅ webContents.did-finish-load web1
2024-02-15T11:52:40.840Z 5: ✅ webContents.created web2 ""
2024-02-15T11:52:40.843Z 6: ✅ window.created win2 "Discord"
2024-02-15T11:52:42.292Z 7: ✅ webContents.did-finish-load web2
2024-02-15T11:52:42.392Z 8: window.close win1
2024-02-15T11:52:42.395Z 9: webContents.destroyed web1
2024-02-15T11:52:42.397Z 10: window.closed win1
2024-02-15T21:41:27.256Z 0: 

----------------------------------------------
2024-02-15T21:41:27.269Z 1: Discord starting: {"releaseChannel":"stable","version":"0.0.43"}, modulepath: /home/erikf/.config/discord/0.0.43/modules
2024-02-15T21:41:27.272Z 2: ✅ webContents.created web1 ""
2024-02-15T21:41:27.274Z 3: ✅ window.created win1 "discord"
2024-02-15T21:41:27.702Z 4: ✅ webContents.did-finish-load web1
2024-02-15T21:41:27.770Z 5: ✅ webContents.created web2 ""
2024-02-15T21:41:27.772Z 6: ✅ window.created win2 "Discord"
2024-02-15T21:41:29.072Z 7: ✅ webContents.did-finish-load web2
2024-02-15T21:41:29.172Z 8: window.close win1
2024-02-15T21:41:29.175Z 9: webContents.destroyed web1
2024-02-15T21:41:29.177Z 10: window.closed win1
2024-02-16T12:51:46.143Z 0: 

----------------------------------------------
2024-02-16T12:51:46.166Z 1: Discord starting: {"releaseChannel":"stable","version":"0.0.43"}, modulepath: /home/erikf/.config/discord/0.0.43/modules
2024-02-16T12:51:46.173Z 2: ✅ webContents.created web1 ""
2024-02-16T12:51:46.177Z 3: ✅ window.created win1 "discord"
2024-02-16T12:51:46.672Z 4: ✅ webContents.created web2 ""
2024-02-16T12:51:46.676Z 5: ✅ window.created win2 "Discord"
2024-02-16T12:51:46.678Z 6: ✅ webContents.did-finish-load web1
2024-02-16T12:51:48.185Z 7: ✅ webContents.did-finish-load web2
2024-02-16T12:51:48.285Z 8: window.close win1
2024-02-16T12:51:48.288Z 9: webContents.destroyed web1
2024-02-16T12:51:48.290Z 10: window.closed win1
2024-02-16T12:56:58.657Z 0: 

----------------------------------------------
2024-02-16T12:56:58.683Z 1: Discord starting: {"releaseChannel":"stable","version":"0.0.43"}, modulepath: /home/erikf/.config/discord/0.0.43/modules
2024-02-16T12:56:58.688Z 2: ✅ webContents.created web1 ""
2024-02-16T12:56:58.692Z 3: ✅ window.created win1 "discord"
2024-02-16T12:56:59.129Z 4: ✅ webContents.did-finish-load web1
2024-02-16T12:56:59.306Z 5: ✅ webContents.created web2 ""
2024-02-16T12:56:59.309Z 6: ✅ window.created win2 "Discord"
2024-02-16T12:57:00.626Z 7: ✅ webContents.did-finish-load web2
2024-02-16T12:57:00.726Z 8: window.close win1
2024-02-16T12:57:00.728Z 9: webContents.destroyed web1
2024-02-16T12:57:00.730Z 10: window.closed win1
2024-02-17T02:23:09.487Z 0: 

----------------------------------------------
2024-02-17T02:23:09.524Z 1: Discord starting: {"releaseChannel":"stable","version":"0.0.43"}, modulepath: /home/erikf/.config/discord/0.0.43/modules
2024-02-17T02:23:09.535Z 2: ✅ webContents.created web1 ""
2024-02-17T02:23:09.543Z 3: ✅ window.created win1 "discord"
2024-02-17T02:23:10.024Z 4: ✅ webContents.created web2 ""
2024-02-17T02:23:10.030Z 5: ✅ window.created win2 "Discord"
2024-02-17T02:23:10.032Z 6: ✅ webContents.did-finish-load web1
2024-02-17T02:23:11.384Z 7: ✅ webContents.did-finish-load web2
2024-02-17T02:23:11.484Z 8: window.close win1
2024-02-17T02:23:11.487Z 9: webContents.destroyed web1
2024-02-17T02:23:11.489Z 10: window.closed win1
2024-02-17T13:58:28.265Z 0: 

----------------------------------------------
2024-02-17T13:58:28.280Z 1: Discord starting: {"releaseChannel":"stable","version":"0.0.43"}, modulepath: /home/erikf/.config/discord/0.0.43/modules
2024-02-17T13:58:28.284Z 2: ✅ webContents.created web1 ""
2024-02-17T13:58:28.286Z 3: ✅ window.created win1 "discord"
2024-02-17T13:58:28.698Z 4: ✅ webContents.did-finish-load web1
2024-02-17T13:58:28.841Z 5: ✅ webContents.created web2 ""
2024-02-17T13:58:28.845Z 6: ✅ window.created win2 "Discord"
2024-02-17T13:58:30.128Z 7: ✅ webContents.did-finish-load web2
2024-02-17T13:58:30.228Z 8: window.close win1
2024-02-17T13:58:30.230Z 9: webContents.destroyed web1
2024-02-17T13:58:30.232Z 10: window.closed win1
2024-02-17T17:47:38.235Z 0: 

----------------------------------------------
2024-02-17T17:47:38.248Z 1: Discord starting: {"releaseChannel":"stable","version":"0.0.43"}, modulepath: /home/erikf/.config/discord/0.0.43/modules
2024-02-17T17:47:38.251Z 2: ✅ webContents.created web1 ""
2024-02-17T17:47:38.253Z 3: ✅ window.created win1 "discord"
2024-02-17T17:47:38.678Z 4: ✅ webContents.did-finish-load web1
2024-02-17T17:47:38.813Z 5: ✅ webContents.created web2 ""
2024-02-17T17:47:38.815Z 6: ✅ window.created win2 "Discord"
2024-02-17T17:47:40.108Z 7: ✅ webContents.did-finish-load web2
2024-02-17T17:47:40.208Z 8: window.close win1
2024-02-17T17:47:40.211Z 9: webContents.destroyed web1
2024-02-17T17:47:40.213Z 10: window.closed win1
2024-02-18T15:27:01.864Z 0: 

----------------------------------------------
2024-02-18T15:27:01.887Z 1: Discord starting: {"releaseChannel":"stable","version":"0.0.43"}, modulepath: /home/erikf/.config/discord/0.0.43/modules
2024-02-18T15:27:01.896Z 2: ✅ webContents.created web1 ""
2024-02-18T15:27:01.905Z 3: ✅ window.created win1 "discord"
2024-02-18T15:27:02.341Z 4: ✅ webContents.did-finish-load web1
2024-02-18T15:27:02.484Z 5: ✅ webContents.created web2 ""
2024-02-18T15:27:02.489Z 6: ✅ window.created win2 "Discord"
2024-02-18T15:27:03.848Z 7: ✅ webContents.did-finish-load web2
2024-02-18T15:27:03.948Z 8: window.close win1
2024-02-18T15:27:03.951Z 9: webContents.destroyed web1
2024-02-18T15:27:03.954Z 10: window.closed win1
2024-02-18T15:28:04.538Z 0: 

----------------------------------------------
2024-02-18T15:28:04.563Z 1: Discord starting: {"releaseChannel":"stable","version":"0.0.43"}, modulepath: /home/erikf/.config/discord/0.0.43/modules
2024-02-18T15:28:04.570Z 2: ✅ webContents.created web1 ""
2024-02-18T15:28:04.576Z 3: ✅ window.created win1 "discord"
2024-02-18T15:28:05.016Z 4: ✅ webContents.did-finish-load web1
2024-02-18T15:28:05.102Z 5: ✅ webContents.created web2 ""
2024-02-18T15:28:05.107Z 6: ✅ window.created win2 "Discord"
2024-02-18T15:28:06.330Z 7: ✅ webContents.did-finish-load web2
2024-02-18T15:28:06.431Z 8: window.close win1
2024-02-18T15:28:06.435Z 9: webContents.destroyed web1
2024-02-18T15:28:06.438Z 10: window.closed win1
2024-02-19T12:02:47.163Z 0: 

----------------------------------------------
2024-02-19T12:02:47.179Z 1: Discord starting: {"releaseChannel":"stable","version":"0.0.43"}, modulepath: /home/erikf/.config/discord/0.0.43/modules
2024-02-19T12:02:47.182Z 2: ✅ webContents.created web1 ""
2024-02-19T12:02:47.184Z 3: ✅ window.created win1 "discord"
2024-02-19T12:02:47.604Z 4: ✅ webContents.did-finish-load web1
2024-02-19T12:02:47.701Z 5: ✅ webContents.created web2 ""
2024-02-19T12:02:47.704Z 6: ✅ window.created win2 "Discord"
2024-02-19T12:02:48.978Z 7: ✅ webContents.did-finish-load web2
2024-02-19T12:02:49.078Z 8: window.close win1
2024-02-19T12:02:49.082Z 9: webContents.destroyed web1
2024-02-19T12:02:49.084Z 10: window.closed win1
2024-02-20T13:44:27.863Z 0: 

----------------------------------------------
2024-02-20T13:44:27.884Z 1: Discord starting: {"releaseChannel":"stable","version":"0.0.43"}, modulepath: /home/erikf/.config/discord/0.0.43/modules
2024-02-20T13:44:27.890Z 2: ✅ webContents.created web1 ""
2024-02-20T13:44:27.894Z 3: ✅ window.created win1 "discord"
2024-02-20T13:44:28.308Z 4: ✅ webContents.did-finish-load web1
2024-02-20T13:44:28.392Z 5: ✅ webContents.created web2 ""
2024-02-20T13:44:28.398Z 6: ✅ window.created win2 "Discord"
2024-02-20T13:44:29.634Z 7: ✅ webContents.did-finish-load web2
2024-02-20T13:44:29.733Z 8: window.close win1
2024-02-20T13:44:29.738Z 9: webContents.destroyed web1
2024-02-20T13:44:29.742Z 10: window.closed win1
2024-02-21T08:53:59.022Z 0: 

----------------------------------------------
2024-02-21T08:53:59.040Z 1: Discord starting: {"releaseChannel":"stable","version":"0.0.43"}, modulepath: /home/erikf/.config/discord/0.0.43/modules
2024-02-21T08:53:59.043Z 2: ✅ webContents.created web1 ""
2024-02-21T08:53:59.046Z 3: ✅ window.created win1 "discord"
2024-02-21T08:53:59.471Z 4: ✅ webContents.did-finish-load web1
2024-02-21T08:53:59.550Z 5: ✅ webContents.created web2 ""
2024-02-21T08:53:59.555Z 6: ✅ window.created win2 "Discord"
2024-02-21T08:54:00.852Z 7: ✅ webContents.did-finish-load web2
2024-02-21T08:54:00.952Z 8: window.close win1
2024-02-21T08:54:00.957Z 9: webContents.destroyed web1
2024-02-21T08:54:00.962Z 10: window.closed win1
2024-02-21T10:15:44.881Z 0: 

----------------------------------------------
2024-02-21T10:15:44.898Z 1: Discord starting: {"releaseChannel":"stable","version":"0.0.43"}, modulepath: /home/erikf/.config/discord/0.0.43/modules
2024-02-21T10:15:44.901Z 2: ✅ webContents.created web1 ""
2024-02-21T10:15:44.904Z 3: ✅ window.created win1 "discord"
2024-02-21T10:15:45.332Z 4: ✅ webContents.did-finish-load web1
2024-02-21T10:15:45.430Z 5: ✅ webContents.created web2 ""
2024-02-21T10:15:45.432Z 6: ✅ window.created win2 "Discord"
2024-02-21T10:15:46.702Z 7: ✅ webContents.did-finish-load web2
2024-02-21T10:15:46.802Z 8: window.close win1
2024-02-21T10:15:46.804Z 9: webContents.destroyed web1
2024-02-21T10:15:46.806Z 10: window.closed win1
2024-02-22T16:02:53.617Z 0: 

----------------------------------------------
2024-02-22T16:02:53.643Z 1: Discord starting: {"releaseChannel":"stable","version":"0.0.43"}, modulepath: /home/erikf/.config/discord/0.0.43/modules
2024-02-22T16:02:53.648Z 2: ✅ webContents.created web1 ""
2024-02-22T16:02:53.652Z 3: ✅ window.created win1 "discord"
2024-02-22T16:02:54.123Z 4: ✅ webContents.did-finish-load web1
2024-02-22T16:02:54.223Z 5: ✅ webContents.created web2 ""
2024-02-22T16:02:54.230Z 6: ✅ window.created win2 "Discord"
2024-02-22T16:02:55.469Z 7: ✅ webContents.did-finish-load web2
2024-02-22T16:02:55.569Z 8: window.close win1
2024-02-22T16:02:55.575Z 9: webContents.destroyed web1
2024-02-22T16:02:55.580Z 10: window.closed win1
2024-02-23T13:32:16.209Z 0: 

----------------------------------------------
2024-02-23T13:32:16.225Z 1: Discord starting: {"releaseChannel":"stable","version":"0.0.43"}, modulepath: /home/erikf/.config/discord/0.0.43/modules
2024-02-23T13:32:16.231Z 2: ✅ webContents.created web1 ""
2024-02-23T13:32:16.236Z 3: ✅ window.created win1 "discord"
2024-02-23T13:32:16.673Z 4: ✅ webContents.did-finish-load web1
2024-02-23T13:32:16.751Z 5: ✅ webContents.created web2 ""
2024-02-23T13:32:16.756Z 6: ✅ window.created win2 "Discord"
2024-02-23T13:32:18.269Z 7: ✅ webContents.did-finish-load web2
2024-02-23T13:32:18.370Z 8: window.close win1
2024-02-23T13:32:18.373Z 9: webContents.destroyed web1
2024-02-23T13:32:18.375Z 10: window.closed win1
2024-02-23T13:32:27.474Z 11: window.close win2
2024-02-23T16:46:02.159Z 0: 

----------------------------------------------
2024-02-23T16:46:02.169Z 1: Discord starting: {"releaseChannel":"stable","version":"0.0.43"}, modulepath: /home/erikf/.config/discord/0.0.43/modules
2024-02-23T22:14:22.526Z 0: 

----------------------------------------------
2024-02-23T22:14:22.542Z 1: Discord starting: {"releaseChannel":"stable","version":"0.0.43"}, modulepath: /home/erikf/.config/discord/0.0.43/modules
2024-02-23T22:14:22.545Z 2: ✅ webContents.created web1 ""
2024-02-23T22:14:22.553Z 3: ✅ window.created win1 "discord"
2024-02-23T22:14:22.557Z 4: Wrote 396320 byte minidump to /home/erikf/.config/discord/0.0.43/modules/crashlogs/2024_02_23T22_14_22_552Z-0-minidump.dmp
2024-02-23T22:14:22.560Z 5: Sentry report: {"sdk":{"name":"sentry.javascript.electron","packages":[{"name":"npm:@sentry/electron","version":"4.13.0"}],"version":"4.13.0","integrations":["SentryMinidump","ElectronBreadcrumbs","Net","MainContext","ChildProcess","OnUncaughtException","PreloadInjection","AdditionalContext","Screenshots","InboundFilters","FunctionToString","Console","Http","Undici","OnUnhandledRejection","ContextLines","LocalVariables","Modules","RequestData","LinkedErrors"]},"contexts":{"trace":{"trace_id":"077332194f834f328ae1d2739f91bc0c","span_id":"af5ad0433f9d87f3"},"app":{"app_name":"discord","app_version":"0.0.43","app_start_time":"2024-02-23T13:32:15.604Z"},"os":{"kernel_version":"6.7.4-arch1-1","name":"Arch Linux","version":"\"rolling\""},"browser":{"name":"Chrome"},"chrome":{"name":"Chrome","type":"runtime","version":"116.0.5845.228"},"device":{"arch":"x64","family":"Desktop","language":"en-US","screen_density":2,"screen_resolution":"3840x2160","memory_size":32825081856,"free_memory":29906604032,"processor_count":16,"cpu_description":"AMD Ryzen 7 7800X3D 8-Core Processor","processor_frequency":4907},"node":{"name":"Node","type":"runtime","version":"18.16.1"},"runtime":{"name":"Electron","version":"26.6.10"}},"environment":"stable","release":"0.0.43","user":{"ip_address":"{{auto}}","id":"316938100142243842","username":"personno2","email":"erik.frankling@frankling.se"},"tags":{"event.origin":"electron","event.environment":"native","event.process":"browser","event_type":"native","nativeBuildNumber":"null"},"level":"fatal","platform":"native","breadcrumbs":[{"timestamp":1708695138.37,"category":"console","level":"log","message":"blackbox: 2024-02-23T13:32:18.370Z 8 window.close win1"},{"timestamp":1708695138.37,"category":"electron","message":"renderer.destroyed","type":"ui","data":{"id":1,"url":"app:///app_bootstrap/splash/index.html"}},{"timestamp":1708695138.371,"category":"electron","message":"window.closed","type":"ui","data":{"id":1,"url":"app:///app_bootstrap/splash/index.html"}},{"timestamp":1708695138.373,"category":"console","level":"log","message":"blackbox: 2024-02-23T13:32:18.373Z 9 webContents.destroyed web1"},{"timestamp":1708695138.375,"category":"console","level":"log","message":"blackbox: 2024-02-23T13:32:18.375Z 10 window.closed win1"},{"timestamp":1708695138.488,"category":"console","level":"log","message":"mainScreen.UpdaterEvents: CHECK_FOR_UPDATES UPDATE_NOT_AVAILABLE"},{"timestamp":1708695138.488,"category":"console","level":"log","message":"2024-02-23T13:32:18.488Z [Modules] Checking for host updates."},{"timestamp":1708695138.532,"category":"console","level":"log","message":"legacyModuleUpdater: installed-module discord_rpc 1 1 true"},{"timestamp":1708695138.574,"category":"console","level":"log","message":"mainScreen.UpdaterEvents: UPDATER_HISTORY_QUERY_AND_TRUNCATE"},{"timestamp":1708695138.65,"type":"http","category":"electron.net","data":{"url":"https://discord.com/api/updates/stable?platform=linux&version=0.0.43","method":"GET","status_code":204}},{"timestamp":1708695138.651,"category":"console","level":"log","message":"2024-02-23T13:32:18.651Z [Modules] Host is up to date."},{"timestamp":1708695138.651,"category":"console","level":"log","message":"2024-02-23T13:32:18.651Z [Modules] Checking for module updates at https://discord.com/api/modules/stable/versions.json"},{"timestamp":1708695138.652,"type":"http","category":"electron.net","data":{"url":"https://discord.com/api/modules/stable/versions.json?host_version=0.0.43&platform=linux&_=5695650","method":"GET","status_code":200}},{"timestamp":1708695138.652,"category":"console","level":"log","message":"2024-02-23T13:32:18.652Z [Modules] No module updates available."},{"timestamp":1708695138.652,"category":"console","level":"log","message":"legacyModuleUpdater: update-check-finished"},{"timestamp":1708695147.474,"category":"electron","message":"window.close","type":"ui","data":{"id":2,"url":"https://discord.com/channels/@me"}},{"timestamp":1708695147.474,"category":"electron","message":"window.hide","type":"ui","data":{"id":2,"url":"https://discord.com/channels/@me"}},{"timestamp":1708695147.474,"category":"console","level":"log","message":"blackbox: 2024-02-23T13:32:27.474Z 11 window.close win2"},{"timestamp":1708695147.474,"category":"electron","message":"window.blur","type":"ui","data":{"id":2,"url":"https://discord.com/channels/@me"}},{"timestamp":1708695147.474,"category":"electron","message":"app.browser-window-blur","type":"ui"},{"timestamp":1708698737.689,"category":"console","level":"log","message":"mainScreen.UpdaterEvents: CHECK_FOR_UPDATES UPDATE_NOT_AVAILABLE"},{"timestamp":1708698737.69,"category":"console","level":"log","message":"2024-02-23T14:32:17.690Z [Modules] Checking for host updates."},{"timestamp":1708698737.856,"type":"http","category":"electron.net","data":{"url":"https://discord.com/api/updates/stable?platform=linux&version=0.0.43","method":"GET","status_code":204}},{"timestamp":1708698737.857,"category":"console","level":"log","message":"2024-02-23T14:32:17.857Z [Modules] Host is up to date."},{"timestamp":1708698737.857,"category":"console","level":"log","message":"2024-02-23T14:32:17.857Z [Modules] Checking for module updates at https://discord.com/api/modules/stable/versions.json"},{"timestamp":1708698737.875,"type":"http","category":"electron.net","data":{"url":"https://discord.com/api/modules/stable/versions.json?host_version=0.0.43&platform=linux&_=5695662","method":"GET","status_code":200}},{"timestamp":1708698737.875,"category":"console","level":"log","message":"2024-02-23T14:32:17.875Z [Modules] No module updates available."},{"timestamp":1708698737.875,"category":"console","level":"log","message":"legacyModuleUpdater: update-check-finished"},{"timestamp":1708702337.689,"category":"console","level":"log","message":"mainScreen.UpdaterEvents: CHECK_FOR_UPDATES UPDATE_NOT_AVAILABLE"},{"timestamp":1708702337.689,"category":"console","level":"log","message":"2024-02-23T15:32:17.689Z [Modules] Checking for host updates."},{"timestamp":1708702337.852,"type":"http","category":"electron.net","data":{"url":"https://discord.com/api/updates/stable?platform=linux&version=0.0.43","method":"GET","status_code":204}},{"timestamp":1708702337.852,"category":"console","level":"log","message":"2024-02-23T15:32:17.852Z [Modules] Host is up to date."},{"timestamp":1708702337.853,"category":"console","level":"log","message":"2024-02-23T15:32:17.853Z [Modules] Checking for module updates at https://discord.com/api/modules/stable/versions.json"},{"timestamp":1708702337.879,"type":"http","category":"electron.net","data":{"url":"https://discord.com/api/modules/stable/versions.json?host_version=0.0.43&platform=linux&_=5695674","method":"GET","status_code":200}},{"timestamp":1708702337.88,"category":"console","level":"log","message":"2024-02-23T15:32:17.880Z [Modules] No module updates available."},{"timestamp":1708702337.88,"category":"console","level":"log","message":"legacyModuleUpdater: update-check-finished"},{"timestamp":1708705937.689,"category":"console","level":"log","message":"mainScreen.UpdaterEvents: CHECK_FOR_UPDATES UPDATE_NOT_AVAILABLE"},{"timestamp":1708705937.689,"category":"console","level":"log","message":"2024-02-23T16:32:17.689Z [Modules] Checking for host updates."},{"timestamp":1708705937.85,"type":"http","category":"electron.net","data":{"url":"https://discord.com/api/updates/stable?platform=linux&version=0.0.43","method":"GET","status_code":204}},{"timestamp":1708705937.85,"category":"console","level":"log","message":"2024-02-23T16:32:17.850Z [Modules] Host is up to date."},{"timestamp":1708705937.85,"category":"console","level":"log","message":"2024-02-23T16:32:17.850Z [Modules] Checking for module updates at https://discord.com/api/modules/stable/versions.json"},{"timestamp":1708705937.872,"type":"http","category":"electron.net","data":{"url":"https://discord.com/api/modules/stable/versions.json?host_version=0.0.43&platform=linux&_=5695686","method":"GET","status_code":200}},{"timestamp":1708705937.873,"category":"console","level":"log","message":"2024-02-23T16:32:17.873Z [Modules] No module updates available."},{"timestamp":1708705937.873,"category":"console","level":"log","message":"legacyModuleUpdater: update-check-finished"},{"timestamp":1708706762.113,"category":"electron","message":"app.second-instance","type":"ui"},{"timestamp":1708706762.114,"category":"electron","message":"window.show","type":"ui","data":{"id":2,"url":"https://discord.com/channels/@me"}},{"timestamp":1708706762.114,"category":"electron","message":"window.show","type":"ui","data":{"id":2,"url":"https://discord.com/channels/@me"}},{"timestamp":1708706762.115,"category":"electron","message":"window.focus","type":"ui","data":{"id":2,"url":"https://discord.com/channels/@me"}},{"timestamp":1708706762.115,"category":"electron","message":"app.browser-window-focus","type":"ui"},{"timestamp":1708706762.115,"category":"electron","message":"window.blur","type":"ui","data":{"id":2,"url":"https://discord.com/channels/@me"}},{"timestamp":1708706762.115,"category":"electron","message":"app.browser-window-blur","type":"ui"},{"timestamp":1708706762.116,"category":"electron","message":"window.maximize","type":"ui","data":{"id":2,"url":"https://discord.com/channels/@me"}},{"timestamp":1708706762.116,"category":"electron","message":"window.focus","type":"ui","data":{"id":2,"url":"https://discord.com/channels/@me"}},{"timestamp":1708706762.116,"category":"electron","message":"app.browser-window-focus","type":"ui"},{"timestamp":1708706762.788,"category":"electron","message":"window.blur","type":"ui","data":{"id":2,"url":"https://discord.com/channels/@me"}},{"timestamp":1708706762.788,"category":"electron","message":"app.browser-window-blur","type":"ui"},{"timestamp":1708707047.305,"category":"electron","message":"window.focus","type":"ui","data":{"id":2,"url":"https://discord.com/channels/@me"}},{"timestamp":1708707047.305,"category":"electron","message":"app.browser-window-focus","type":"ui"},{"timestamp":1708707048.722,"category":"ui.click","message":"div.nameAndDecorators_cfd1ff > div.name__02dbd > div.overflow__87fe8"},{"timestamp":1708707054.936,"category":"ui.click","message":"div.layout__59abc.highlighted__7bba7"},{"timestamp":1708707059.978,"category":"ui.input","message":"div.markup_a7e664.editor__66464.slateTextArea__0661c.fontSize16Padding__48818[aria-label=\"Message @linaottosson\"]"},{"timestamp":1708707061.096,"category":"console","level":"log","message":"legacyModuleUpdater: installed-module discord_spellcheck 1 1 true"},{"timestamp":1708707061.097,"category":"console","level":"log","message":"mainScreen.UpdaterEvents: UPDATER_HISTORY_QUERY_AND_TRUNCATE"},{"timestamp":1708707063.896,"category":"ui.input","message":"div.markup_a7e664.editor__66464.slateTextArea__0661c.fontSize16Padding__48818[aria-label=\"Message @linaottosson\"]"},{"timestamp":1708707085.419,"category":"ui.input","message":"div.markup_a7e664.editor__66464.slateTextArea__0661c.fontSize16Padding__48818[aria-label=\"Message @linaottosson\"]"},{"timestamp":1708707090.793,"category":"ui.input","message":"div.markup_a7e664.editor__66464.slateTextArea__0661c.fontSize16Padding__48818[aria-label=\"Message @linaottosson\"]"},{"timestamp":1708707100.516,"category":"electron","message":"window.blur","type":"ui","data":{"id":2,"url":"https://discord.com/channels/@me/1087423120845062307"}},{"timestamp":1708707100.516,"category":"electron","message":"app.browser-window-blur","type":"ui"},{"timestamp":1708707106.346,"category":"electron","message":"window.focus","type":"ui","data":{"id":2,"url":"https://discord.com/channels/@me/1087423120845062307"}},{"timestamp":1708707106.346,"category":"electron","message":"app.browser-window-focus","type":"ui"},{"timestamp":1708707107.136,"category":"electron","message":"window.blur","type":"ui","data":{"id":2,"url":"https://discord.com/channels/@me/1087423120845062307"}},{"timestamp":1708707107.136,"category":"electron","message":"app.browser-window-blur","type":"ui"},{"timestamp":1708707874.916,"category":"electron","message":"window.focus","type":"ui","data":{"id":2,"url":"https://discord.com/channels/@me/1087423120845062307"}},{"timestamp":1708707874.916,"category":"electron","message":"app.browser-window-focus","type":"ui"},{"timestamp":1708707875.433,"category":"electron","message":"window.blur","type":"ui","data":{"id":2,"url":"https://discord.com/channels/@me/1087423120845062307"}},{"timestamp":1708707875.433,"category":"electron","message":"app.browser-window-blur","type":"ui"},{"timestamp":1708708322.421,"category":"electron","message":"window.focus","type":"ui","data":{"id":2,"url":"https://discord.com/channels/@me/1087423120845062307"}},{"timestamp":1708708322.421,"category":"electron","message":"app.browser-window-focus","type":"ui"},{"timestamp":1708708325.341,"category":"ui.input","message":"div.markup_a7e664.editor__66464.slateTextArea__0661c.fontSize16Padding__48818[aria-label=\"Message @linaottosson\"]"},{"timestamp":1708708328.252,"category":"ui.click","message":"div.content_f767b8 > div.nameAndDecorators_cfd1ff"},{"timestamp":1708708328.723,"category":"electron","message":"window.blur","type":"ui","data":{"id":2,"url":"https://discord.com/channels/@me"}},{"timestamp":1708708328.723,"category":"electron","message":"app.browser-window-blur","type":"ui"},{"timestamp":1708708924.56,"category":"electron","message":"window.focus","type":"ui","data":{"id":2,"url":"https://discord.com/channels/@me"}},{"timestamp":1708708924.56,"category":"electron","message":"app.browser-window-focus","type":"ui"},{"timestamp":1708708930.003,"category":"ui.click","message":"a.link__2e8e1[aria-label=\"linaottosson (direct message)\"] > div.layout__59abc"},{"timestamp":1708708932.279,"category":"ui.click","message":"div.content_f767b8 > div.nameAndDecorators_cfd1ff"},{"timestamp":1708709537.689,"category":"console","level":"log","message":"mainScreen.UpdaterEvents: CHECK_FOR_UPDATES UPDATE_NOT_AVAILABLE"},{"timestamp":1708709537.689,"category":"console","level":"log","message":"2024-02-23T17:32:17.689Z [Modules] Checking for host updates."},{"timestamp":1708709537.843,"type":"http","category":"electron.net","data":{"url":"https://discord.com/api/updates/stable?platform=linux&version=0.0.43","method":"GET","status_code":204}},{"timestamp":1708709537.844,"category":"console","level":"log","message":"2024-02-23T17:32:17.844Z [Modules] Host is up to date."},{"timestamp":1708709537.844,"category":"console","level":"log","message":"2024-02-23T17:32:17.844Z [Modules] Checking for module updates at https://discord.com/api/modules/stable/versions.json"},{"timestamp":1708709537.862,"type":"http","category":"electron.net","data":{"url":"https://discord.com/api/modules/stable/versions.json?host_version=0.0.43&platform=linux&_=5695698","method":"GET","status_code":200}},{"timestamp":1708709537.863,"category":"console","level":"log","message":"2024-02-23T17:32:17.863Z [Modules] No module updates available."},{"timestamp":1708709537.863,"category":"console","level":"log","message":"legacyModuleUpdater: update-check-finished"},{"timestamp":1708710759.167,"category":"electron","message":"window.blur","type":"ui","data":{"id":2,"url":"https://discord.com/channels/@me"}},{"timestamp":1708710759.167,"category":"electron","message":"app.browser-window-blur","type":"ui"},{"timestamp":1708710762.386,"category":"electron","message":"window.focus","type":"ui","data":{"id":2,"url":"https://discord.com/channels/@me"}},{"timestamp":1708710762.386,"category":"electron","message":"app.browser-window-focus","type":"ui"},{"timestamp":1708710762.39,"category":"electron","message":"window.blur","type":"ui","data":{"id":2,"url":"https://discord.com/channels/@me"}},{"timestamp":1708710762.39,"category":"electron","message":"app.browser-window-blur","type":"ui"},{"timestamp":1708726462.301,"category":"console","level":"log","message":"Discord 0.0.43"},{"timestamp":1708726462.41,"category":"electron","message":"app.will-finish-launching","type":"ui"},{"timestamp":1708726462.413,"category":"electron","message":"app.ready","type":"ui"},{"timestamp":1708726462.46,"category":"electron","message":"app.session-created","type":"ui"},{"timestamp":1708726462.46,"category":"console","level":"log","message":"Starting app."},{"timestamp":1708726462.471,"category":"console","level":"log","message":"Starting updater."},{"timestamp":1708726462.472,"category":"console","level":"log","message":"2024-02-23T22:14:22.472Z [Modules] Modules initializing"},{"timestamp":1708726462.472,"category":"console","level":"log","message":"2024-02-23T22:14:22.472Z [Modules] Distribution: remote"},{"timestamp":1708726462.472,"category":"console","level":"log","message":"2024-02-23T22:14:22.472Z [Modules] Host updates: enabled"},{"timestamp":1708726462.472,"category":"console","level":"log","message":"2024-02-23T22:14:22.472Z [Modules] Module updates: enabled"},{"timestamp":1708726462.472,"category":"console","level":"log","message":"2024-02-23T22:14:22.472Z [Modules] Module install path: /home/erikf/.config/discord/0.0.43/modules"},{"timestamp":1708726462.472,"category":"console","level":"log","message":"2024-02-23T22:14:22.472Z [Modules] Module installed file path: /home/erikf/.config/discord/0.0.43/modules/installed.json"},{"timestamp":1708726462.472,"category":"console","level":"log","message":"2024-02-23T22:14:22.472Z [Modules] Module download path: /home/erikf/.config/discord/0.0.43/modules/pending"},{"timestamp":1708726462.474,"category":"console","level":"log","message":"splashScreen.initSplash(false)"},{"timestamp":1708726462.51,"category":"electron","message":"app.web-contents-created","type":"ui"},{"timestamp":1708726462.51,"category":"electron","message":"app.browser-window-created","type":"ui"},{"timestamp":1708726462.526,"category":"console","level":"log","message":"blackbox: 2024-02-23T22:14:22.526Z 0 \n\n----------------------------------------------"},{"timestamp":1708726462.301,"category":"console","level":"log","message":"Discord 0.0.43"},{"timestamp":1708726462.41,"category":"electron","message":"app.will-finish-launching","type":"ui"},{"timestamp":1708726462.413,"category":"electron","message":"app.ready","type":"ui"},{"timestamp":1708726462.46,"category":"electron","message":"app.session-created","type":"ui"},{"timestamp":1708726462.46,"category":"console","level":"log","message":"Starting app."},{"timestamp":1708726462.471,"category":"console","level":"log","message":"Starting updater."},{"timestamp":1708726462.472,"category":"console","level":"log","message":"2024-02-23T22:14:22.472Z [Modules] Modules initializing"},{"timestamp":1708726462.472,"category":"console","level":"log","message":"2024-02-23T22:14:22.472Z [Modules] Distribution: remote"},{"timestamp":1708726462.472,"category":"console","level":"log","message":"2024-02-23T22:14:22.472Z [Modules] Host updates: enabled"},{"timestamp":1708726462.472,"category":"console","level":"log","message":"2024-02-23T22:14:22.472Z [Modules] Module updates: enabled"},{"timestamp":1708726462.472,"category":"console","level":"log","message":"2024-02-23T22:14:22.472Z [Modules] Module install path: /home/erikf/.config/discord/0.0.43/modules"},{"timestamp":1708726462.472,"category":"console","level":"log","message":"2024-02-23T22:14:22.472Z [Modules] Module installed file path: /home/erikf/.config/discord/0.0.43/modules/installed.json"},{"timestamp":1708726462.472,"category":"console","level":"log","message":"2024-02-23T22:14:22.472Z [Modules] Module download path: /home/erikf/.config/discord/0.0.43/modules/pending"},{"timestamp":1708726462.474,"category":"console","level":"log","message":"splashScreen.initSplash(false)"},{"timestamp":1708726462.51,"category":"electron","message":"app.web-contents-created","type":"ui"},{"timestamp":1708726462.51,"category":"electron","message":"app.browser-window-created","type":"ui"},{"timestamp":1708726462.526,"category":"console","level":"log","message":"blackbox: 2024-02-23T22:14:22.526Z 0 \n\n----------------------------------------------"},{"timestamp":1708726462.542,"category":"console","level":"log","message":"blackbox: 2024-02-23T22:14:22.542Z 1 Discord starting: {\"releaseChannel\":\"stable\",\"version\":\"0.0.43\"}, modulepath: /home/erikf/.config/discord/0.0.43/modules"},{"timestamp":1708726462.545,"category":"console","level":"log","message":"blackbox: 2024-02-23T22:14:22.545Z 2 ✅ webContents.created web1 \"\""}],"modules":{"mkdirp":"0.5.5","rimraf":"2.7.1","glob":"7.1.7","fs.realpath":"1.0.0","minimatch":"3.1.2","brace-expansion":"1.1.11","concat-map":"0.0.1","balanced-match":"1.0.2","inherits":"2.0.4","path-is-absolute":"1.0.1","inflight":"1.0.6","wrappy":"1.0.2","once":"1.4.0","yauzl":"2.10.0","fd-slicer":"1.1.0","pend":"1.2.0","buffer-crc32":"0.2.13","request":"2.88.0","extend":"3.0.2","tough-cookie":"2.4.3","psl":"1.8.0","json-stringify-safe":"5.0.1","safe-buffer":"5.2.1","aws-sign2":"0.7.0","aws4":"1.11.0","http-signature":"1.2.0","assert-plus":"1.0.0","sshpk":"1.16.1","safer-buffer":"2.1.2","asn1":"0.2.4","ecc-jsbn":"0.1.2","jsbn":"0.1.1","tweetnacl":"0.14.5","jsprim":"1.4.1","extsprintf":"1.3.0","verror":"1.10.0","core-util-is":"1.0.2","json-schema":"0.2.3","mime-types":"2.1.32","mime-db":"1.49.0","caseless":"0.12.0","forever-agent":"0.6.1","form-data":"2.3.3","combined-stream":"1.0.8","delayed-stream":"1.0.0","asynckit":"0.4.0","isstream":"0.1.2","is-typedarray":"1.0.0","qs":"6.5.3","har-validator":"5.1.5","ajv":"6.12.6","uri-js":"4.4.1","fast-deep-equal":"3.1.3","json-schema-traverse":"0.4.1","fast-json-stable-stringify":"2.1.0","har-schema":"2.0.0","uuid":"3.4.0","oauth-sign":"0.9.0","tunnel-agent":"0.6.0","performance-now":"2.1.0","arch":"2.2.0","https-proxy-agent":"5.0.1","ms":"2.1.2","agent-base":"6.0.2","lru_map":"0.3.3","cookie":"0.5.0","deepmerge":"4.3.0"},"event_id":"2f2c26c7b051493a8fb02e8147cb4af1","timestamp":1708726462.546,"extra":{"release_channel":"stable","sentry":{"environment":"stable","release":"0.0.43"},"wm":"Hyprland,unknown","distro":"\"Arch Linux\""}}
2024-02-23T22:14:23.004Z 6: ✅ webContents.created web2 ""
2024-02-23T22:14:23.008Z 7: ✅ window.created win2 "Discord"
2024-02-23T22:14:23.037Z 8: ✅ webContents.did-finish-load web1
2024-02-23T22:14:24.411Z 9: ✅ webContents.did-finish-load web2
2024-02-23T22:14:24.512Z 10: window.close win1
2024-02-23T22:14:24.515Z 11: webContents.destroyed web1
2024-02-23T22:14:24.517Z 12: window.closed win1
2024-03-03T11:39:30.536Z 0: 

----------------------------------------------
2024-03-03T11:39:30.565Z 1: Discord starting: {"releaseChannel":"stable","version":"0.0.43"}, modulepath: /home/erikf/.config/discord/0.0.43/modules
2024-03-03T11:39:30.574Z 2: ✅ webContents.created web1 ""
2024-03-03T11:39:30.581Z 3: ✅ window.created win1 "discord"
2024-03-03T11:39:31.024Z 4: ✅ webContents.did-finish-load web1
2024-03-03T11:39:31.129Z 5: ✅ webContents.created web2 ""
2024-03-03T11:39:31.136Z 6: ✅ window.created win2 "Discord"
2024-03-03T11:39:32.583Z 7: ✅ webContents.did-finish-load web2
2024-03-03T11:39:32.683Z 8: window.close win1
2024-03-03T11:39:32.691Z 9: webContents.destroyed web1
2024-03-03T11:39:32.696Z 10: window.closed win1
2024-03-04T12:29:23.215Z 0: 

----------------------------------------------
2024-03-04T12:29:23.228Z 1: Discord starting: {"releaseChannel":"stable","version":"0.0.43"}, modulepath: /home/erikf/.config/discord/0.0.43/modules
2024-03-04T12:29:23.231Z 2: ✅ webContents.created web1 ""
2024-03-04T12:29:23.234Z 3: ✅ window.created win1 "discord"
2024-03-04T12:29:23.713Z 4: ✅ webContents.created web2 ""
2024-03-04T12:29:23.716Z 5: ✅ window.created win2 "Discord"
2024-03-04T12:29:23.718Z 6: ✅ webContents.did-finish-load web1
2024-03-04T12:29:25.007Z 7: ✅ webContents.did-finish-load web2
2024-03-04T12:29:25.108Z 8: window.close win1
2024-03-04T12:29:25.115Z 9: webContents.destroyed web1
2024-03-04T12:29:25.117Z 10: window.closed win1
2024-03-05T00:44:06.149Z 0: 

----------------------------------------------
2024-03-05T00:44:06.160Z 1: Discord starting: {"releaseChannel":"stable","version":"0.0.43"}, modulepath: /home/erikf/.config/discord/0.0.43/modules
2024-03-05T00:44:06.166Z 2: ✅ webContents.created web1 ""
2024-03-05T00:44:06.169Z 3: ✅ window.created win1 "discord"
2024-03-05T00:44:06.171Z 4: Wrote 393584 byte minidump to /home/erikf/.config/discord/0.0.43/modules/crashlogs/2024_03_05T00_44_06_166Z-0-minidump.dmp
2024-03-05T00:44:06.173Z 5: Sentry report: {"sdk":{"name":"sentry.javascript.electron","packages":[{"name":"npm:@sentry/electron","version":"4.13.0"}],"version":"4.13.0","integrations":["SentryMinidump","ElectronBreadcrumbs","Net","MainContext","ChildProcess","OnUncaughtException","PreloadInjection","AdditionalContext","Screenshots","InboundFilters","FunctionToString","Console","Http","Undici","OnUnhandledRejection","ContextLines","LocalVariables","Modules","RequestData","LinkedErrors"]},"contexts":{"trace":{"trace_id":"d088a0f1ed284e33a075512ef4a8525d","span_id":"a87b1e533861b085"},"app":{"app_name":"discord","app_version":"0.0.43","app_start_time":"2024-03-04T12:29:22.616Z"},"os":{"kernel_version":"6.7.6-arch1-2","name":"Arch Linux","version":"\"rolling\""},"browser":{"name":"Chrome"},"chrome":{"name":"Chrome","type":"runtime","version":"116.0.5845.228"},"device":{"arch":"x64","family":"Desktop","language":"en-US","screen_density":2,"screen_resolution":"3840x2160","memory_size":32825421824,"free_memory":8642416640,"processor_count":16,"cpu_description":"AMD Ryzen 7 7800X3D 8-Core Processor","processor_frequency":4913},"node":{"name":"Node","type":"runtime","version":"18.16.1"},"runtime":{"name":"Electron","version":"26.6.10"}},"environment":"stable","release":"0.0.43","user":{"ip_address":"{{auto}}","id":"316938100142243842","username":"personno2","email":"erik.frankling@frankling.se"},"tags":{"event.origin":"electron","event.environment":"native","event.process":"browser","event_type":"native","nativeBuildNumber":"null"},"level":"fatal","platform":"native","breadcrumbs":[{"timestamp":1709576405.95,"category":"ui.click","message":"div.contents_f41bb2 > h3.header__39b23"},{"timestamp":1709576408.441,"category":"ui.click","message":"a.link__2e8e1 > div.avatarWithText__17e10.layout__59abc"},{"timestamp":1709576408.856,"category":"electron","message":"window.blur","type":"ui","data":{"id":2,"url":"https://discord.com/channels/@me"}},{"timestamp":1709576408.856,"category":"electron","message":"app.browser-window-blur","type":"ui"},{"timestamp":1709576964.225,"category":"console","level":"log","message":"mainScreen.UpdaterEvents: CHECK_FOR_UPDATES UPDATE_NOT_AVAILABLE"},{"timestamp":1709576964.225,"category":"console","level":"log","message":"2024-03-04T18:29:24.225Z [Modules] Checking for host updates."},{"timestamp":1709576964.378,"type":"http","category":"electron.net","data":{"url":"https://discord.com/api/updates/stable?platform=linux&version=0.0.43","method":"GET","status_code":204}},{"timestamp":1709576964.379,"category":"console","level":"log","message":"2024-03-04T18:29:24.379Z [Modules] Host is up to date."},{"timestamp":1709576964.379,"category":"console","level":"log","message":"2024-03-04T18:29:24.379Z [Modules] Checking for module updates at https://discord.com/api/modules/stable/versions.json"},{"timestamp":1709576964.401,"type":"http","category":"electron.net","data":{"url":"https://discord.com/api/modules/stable/versions.json?host_version=0.0.43&platform=linux&_=5698589","method":"GET","status_code":200}},{"timestamp":1709576964.402,"category":"console","level":"log","message":"2024-03-04T18:29:24.402Z [Modules] No module updates available."},{"timestamp":1709576964.402,"category":"console","level":"log","message":"legacyModuleUpdater: update-check-finished"},{"timestamp":1709576971.267,"category":"electron","message":"window.focus","type":"ui","data":{"id":2,"url":"https://discord.com/channels/@me"}},{"timestamp":1709576971.267,"category":"electron","message":"app.browser-window-focus","type":"ui"},{"timestamp":1709576972.274,"category":"ui.click","message":"a.link__2e8e1[aria-label=\"linaottosson (direct message)\"] > div.layout__59abc"},{"timestamp":1709576977.611,"category":"ui.input","message":"div.markup_a7e664.editor__66464.slateTextArea__0661c.fontSize16Padding__48818[aria-label=\"Message @linaottosson\"]"},{"timestamp":1709576981.156,"category":"ui.input","message":"div.markup_a7e664.editor__66464.slateTextArea__0661c.fontSize16Padding__48818[aria-label=\"Message @linaottosson\"]"},{"timestamp":1709576989.434,"category":"ui.click","message":"a.link__2e8e1 > div.avatarWithText__17e10.layout__59abc"},{"timestamp":1709580564.225,"category":"console","level":"log","message":"mainScreen.UpdaterEvents: CHECK_FOR_UPDATES UPDATE_NOT_AVAILABLE"},{"timestamp":1709580564.225,"category":"console","level":"log","message":"2024-03-04T19:29:24.225Z [Modules] Checking for host updates."},{"timestamp":1709580564.391,"type":"http","category":"electron.net","data":{"url":"https://discord.com/api/updates/stable?platform=linux&version=0.0.43","method":"GET","status_code":204}},{"timestamp":1709580564.391,"category":"console","level":"log","message":"2024-03-04T19:29:24.391Z [Modules] Host is up to date."},{"timestamp":1709580564.391,"category":"console","level":"log","message":"2024-03-04T19:29:24.391Z [Modules] Checking for module updates at https://discord.com/api/modules/stable/versions.json"},{"timestamp":1709580564.418,"type":"http","category":"electron.net","data":{"url":"https://discord.com/api/modules/stable/versions.json?host_version=0.0.43&platform=linux&_=5698601","method":"GET","status_code":200}},{"timestamp":1709580564.418,"category":"console","level":"log","message":"2024-03-04T19:29:24.418Z [Modules] No module updates available."},{"timestamp":1709580564.418,"category":"console","level":"log","message":"legacyModuleUpdater: update-check-finished"},{"timestamp":1709584164.225,"category":"console","level":"log","message":"mainScreen.UpdaterEvents: CHECK_FOR_UPDATES UPDATE_NOT_AVAILABLE"},{"timestamp":1709584164.225,"category":"console","level":"log","message":"2024-03-04T20:29:24.225Z [Modules] Checking for host updates."},{"timestamp":1709584164.395,"type":"http","category":"electron.net","data":{"url":"https://discord.com/api/updates/stable?platform=linux&version=0.0.43","method":"GET","status_code":204}},{"timestamp":1709584164.395,"category":"console","level":"log","message":"2024-03-04T20:29:24.395Z [Modules] Host is up to date."},{"timestamp":1709584164.395,"category":"console","level":"log","message":"2024-03-04T20:29:24.395Z [Modules] Checking for module updates at https://discord.com/api/modules/stable/versions.json"},{"timestamp":1709584164.415,"type":"http","category":"electron.net","data":{"url":"https://discord.com/api/modules/stable/versions.json?host_version=0.0.43&platform=linux&_=5698613","method":"GET","status_code":200}},{"timestamp":1709584164.416,"category":"console","level":"log","message":"2024-03-04T20:29:24.416Z [Modules] No module updates available."},{"timestamp":1709584164.416,"category":"console","level":"log","message":"legacyModuleUpdater: update-check-finished"},{"timestamp":1709584720.514,"category":"electron","message":"window.blur","type":"ui","data":{"id":2,"url":"https://discord.com/channels/@me"}},{"timestamp":1709584720.514,"category":"electron","message":"app.browser-window-blur","type":"ui"},{"timestamp":1709585221.298,"category":"electron","message":"window.focus","type":"ui","data":{"id":2,"url":"https://discord.com/channels/@me"}},{"timestamp":1709585221.298,"category":"electron","message":"app.browser-window-focus","type":"ui"},{"timestamp":1709585222.295,"category":"ui.click","message":"a.link__2e8e1[aria-label=\"linaottosson (direct message)\"] > div.layout__59abc"},{"timestamp":1709585225.864,"category":"ui.input","message":"div.markup_a7e664.editor__66464.slateTextArea__0661c.fontSize16Padding__48818[aria-label=\"Message @linaottosson\"]"},{"timestamp":1709585241.891,"category":"ui.input","message":"div.markup_a7e664.editor__66464.slateTextArea__0661c.fontSize16Padding__48818[aria-label=\"Message @linaottosson\"]"},{"timestamp":1709585246.215,"category":"electron","message":"window.blur","type":"ui","data":{"id":2,"url":"https://discord.com/channels/@me/1087423120845062307"}},{"timestamp":1709585246.215,"category":"electron","message":"app.browser-window-blur","type":"ui"},{"timestamp":1709587056.46,"category":"electron","message":"window.focus","type":"ui","data":{"id":2,"url":"https://discord.com/channels/@me/1087423120845062307"}},{"timestamp":1709587056.46,"category":"electron","message":"app.browser-window-focus","type":"ui"},{"timestamp":1709587058.43,"category":"ui.input","message":"div.markup_a7e664.editor__66464.slateTextArea__0661c.fontSize16Padding__48818[aria-label=\"Message @linaottosson\"]"},{"timestamp":1709587061.387,"category":"electron","message":"window.blur","type":"ui","data":{"id":2,"url":"https://discord.com/channels/@me/1087423120845062307"}},{"timestamp":1709587061.387,"category":"electron","message":"app.browser-window-blur","type":"ui"},{"timestamp":1709587764.225,"category":"console","level":"log","message":"mainScreen.UpdaterEvents: CHECK_FOR_UPDATES UPDATE_NOT_AVAILABLE"},{"timestamp":1709587764.225,"category":"console","level":"log","message":"2024-03-04T21:29:24.225Z [Modules] Checking for host updates."},{"timestamp":1709587764.381,"type":"http","category":"electron.net","data":{"url":"https://discord.com/api/updates/stable?platform=linux&version=0.0.43","method":"GET","status_code":204}},{"timestamp":1709587764.382,"category":"console","level":"log","message":"2024-03-04T21:29:24.382Z [Modules] Host is up to date."},{"timestamp":1709587764.382,"category":"console","level":"log","message":"2024-03-04T21:29:24.382Z [Modules] Checking for module updates at https://discord.com/api/modules/stable/versions.json"},{"timestamp":1709587764.398,"type":"http","category":"electron.net","data":{"url":"https://discord.com/api/modules/stable/versions.json?host_version=0.0.43&platform=linux&_=5698625","method":"GET","status_code":200}},{"timestamp":1709587764.398,"category":"console","level":"log","message":"2024-03-04T21:29:24.398Z [Modules] No module updates available."},{"timestamp":1709587764.398,"category":"console","level":"log","message":"legacyModuleUpdater: update-check-finished"},{"timestamp":1709590563.906,"category":"electron","message":"window.focus","type":"ui","data":{"id":2,"url":"https://discord.com/channels/@me/1087423120845062307"}},{"timestamp":1709590563.907,"category":"electron","message":"app.browser-window-focus","type":"ui"},{"timestamp":1709590565.258,"category":"ui.click","message":"div.layout__59abc.highlighted__7bba7"},{"timestamp":1709590566.471,"category":"ui.input","message":"div.markup_a7e664.editor__66464.slateTextArea__0661c.fontSize16Padding__48818[aria-label=\"Message @Vetekatten\"]"},{"timestamp":1709590569.811,"category":"ui.input","message":"div.markup_a7e664.editor__66464.slateTextArea__0661c.fontSize16Padding__48818[aria-label=\"Message @Vetekatten\"]"},{"timestamp":1709590572.163,"category":"electron","message":"window.blur","type":"ui","data":{"id":2,"url":"https://discord.com/channels/@me/316939768388648960"}},{"timestamp":1709590572.163,"category":"electron","message":"app.browser-window-blur","type":"ui"},{"timestamp":1709591364.225,"category":"console","level":"log","message":"mainScreen.UpdaterEvents: CHECK_FOR_UPDATES UPDATE_NOT_AVAILABLE"},{"timestamp":1709591364.225,"category":"console","level":"log","message":"2024-03-04T22:29:24.225Z [Modules] Checking for host updates."},{"timestamp":1709591364.373,"type":"http","category":"electron.net","data":{"url":"https://discord.com/api/updates/stable?platform=linux&version=0.0.43","method":"GET","status_code":204}},{"timestamp":1709591364.374,"category":"console","level":"log","message":"2024-03-04T22:29:24.374Z [Modules] Host is up to date."},{"timestamp":1709591364.374,"category":"console","level":"log","message":"2024-03-04T22:29:24.374Z [Modules] Checking for module updates at https://discord.com/api/modules/stable/versions.json"},{"timestamp":1709591364.388,"type":"http","category":"electron.net","data":{"url":"https://discord.com/api/modules/stable/versions.json?host_version=0.0.43&platform=linux&_=5698637","method":"GET","status_code":200}},{"timestamp":1709591364.389,"category":"console","level":"log","message":"2024-03-04T22:29:24.389Z [Modules] No module updates available."},{"timestamp":1709591364.389,"category":"console","level":"log","message":"legacyModuleUpdater: update-check-finished"},{"timestamp":1709594157.782,"category":"electron","message":"window.focus","type":"ui","data":{"id":2,"url":"https://discord.com/channels/@me/316939768388648960"}},{"timestamp":1709594157.782,"category":"electron","message":"app.browser-window-focus","type":"ui"},{"timestamp":1709594158.149,"category":"electron","message":"window.blur","type":"ui","data":{"id":2,"url":"https://discord.com/channels/@me/316939768388648960"}},{"timestamp":1709594158.15,"category":"electron","message":"app.browser-window-blur","type":"ui"},{"timestamp":1709594964.225,"category":"console","level":"log","message":"mainScreen.UpdaterEvents: CHECK_FOR_UPDATES UPDATE_NOT_AVAILABLE"},{"timestamp":1709594964.225,"category":"console","level":"log","message":"2024-03-04T23:29:24.225Z [Modules] Checking for host updates."},{"timestamp":1709594964.377,"type":"http","category":"electron.net","data":{"url":"https://discord.com/api/updates/stable?platform=linux&version=0.0.43","method":"GET","status_code":204}},{"timestamp":1709594964.377,"category":"console","level":"log","message":"2024-03-04T23:29:24.377Z [Modules] Host is up to date."},{"timestamp":1709594964.377,"category":"console","level":"log","message":"2024-03-04T23:29:24.377Z [Modules] Checking for module updates at https://discord.com/api/modules/stable/versions.json"},{"timestamp":1709594964.395,"type":"http","category":"electron.net","data":{"url":"https://discord.com/api/modules/stable/versions.json?host_version=0.0.43&platform=linux&_=5698649","method":"GET","status_code":200}},{"timestamp":1709594964.395,"category":"console","level":"log","message":"2024-03-04T23:29:24.395Z [Modules] No module updates available."},{"timestamp":1709594964.395,"category":"console","level":"log","message":"legacyModuleUpdater: update-check-finished"},{"timestamp":1709596182.45,"category":"electron","message":"window.focus","type":"ui","data":{"id":2,"url":"https://discord.com/channels/@me/316939768388648960"}},{"timestamp":1709596182.451,"category":"electron","message":"app.browser-window-focus","type":"ui"},{"timestamp":1709596183.665,"category":"ui.click","message":"div.content_f767b8 > div.nameAndDecorators_cfd1ff"},{"timestamp":1709596184.137,"category":"electron","message":"window.blur","type":"ui","data":{"id":2,"url":"https://discord.com/channels/@me"}},{"timestamp":1709596184.137,"category":"electron","message":"app.browser-window-blur","type":"ui"},{"timestamp":1709596282.507,"category":"electron","message":"window.focus","type":"ui","data":{"id":2,"url":"https://discord.com/channels/@me"}},{"timestamp":1709596282.507,"category":"electron","message":"app.browser-window-focus","type":"ui"},{"timestamp":1709596282.685,"category":"electron","message":"window.blur","type":"ui","data":{"id":2,"url":"https://discord.com/channels/@me"}},{"timestamp":1709596282.685,"category":"electron","message":"app.browser-window-blur","type":"ui"},{"timestamp":1709598564.225,"category":"console","level":"log","message":"mainScreen.UpdaterEvents: CHECK_FOR_UPDATES UPDATE_NOT_AVAILABLE"},{"timestamp":1709598564.225,"category":"console","level":"log","message":"2024-03-05T00:29:24.225Z [Modules] Checking for host updates."},{"timestamp":1709598594.245,"category":"console","level":"log","message":"Error downloading with electron net: network timeout: https://discord.com/api/updates/stable?platform=linux&version=0.0.43"},{"timestamp":1709598594.246,"category":"console","level":"log","message":"Falling back to node net library.."},{"timestamp":1709598614.272,"category":"http","data":{"url":"https://discord.com/api/updates/stable","http.method":"GET","http.query":"platform=linux&version=0.0.43"},"type":"http"},{"timestamp":1709598614.272,"category":"console","level":"error","message":"[Updates] Error fetching https://discord.com/api/updates/stable?platform=linux&version=0.0.43: getaddrinfo EAI_AGAIN discord.com"},{"timestamp":1709598614.272,"category":"console","level":"log","message":"2024-03-05T00:30:14.272Z [Modules] Host update failed: Error: getaddrinfo EAI_AGAIN discord.com"},{"timestamp":1709598614.272,"category":"console","level":"log","message":"legacyModuleUpdater: update-check-finished"},{"timestamp":1709599446.089,"category":"console","level":"log","message":"Discord 0.0.43"},{"timestamp":1709599446.125,"category":"electron","message":"app.will-finish-launching","type":"ui"},{"timestamp":1709599446.127,"category":"electron","message":"app.ready","type":"ui"},{"timestamp":1709599446.132,"category":"electron","message":"app.session-created","type":"ui"},{"timestamp":1709599446.132,"category":"console","level":"log","message":"Starting app."},{"timestamp":1709599446.134,"category":"console","level":"log","message":"Starting updater."},{"timestamp":1709599446.134,"category":"console","level":"log","message":"2024-03-05T00:44:06.134Z [Modules] Modules initializing"},{"timestamp":1709599446.134,"category":"console","level":"log","message":"2024-03-05T00:44:06.134Z [Modules] Distribution: remote"},{"timestamp":1709599446.134,"category":"console","level":"log","message":"2024-03-05T00:44:06.134Z [Modules] Host updates: enabled"},{"timestamp":1709599446.134,"category":"console","level":"log","message":"2024-03-05T00:44:06.134Z [Modules] Module updates: enabled"},{"timestamp":1709599446.135,"category":"console","level":"log","message":"2024-03-05T00:44:06.135Z [Modules] Module install path: /home/erikf/.config/discord/0.0.43/modules"},{"timestamp":1709599446.135,"category":"console","level":"log","message":"2024-03-05T00:44:06.135Z [Modules] Module installed file path: /home/erikf/.config/discord/0.0.43/modules/installed.json"},{"timestamp":1709599446.135,"category":"console","level":"log","message":"2024-03-05T00:44:06.135Z [Modules] Module download path: /home/erikf/.config/discord/0.0.43/modules/pending"},{"timestamp":1709599446.136,"category":"console","level":"log","message":"splashScreen.initSplash(false)"},{"timestamp":1709599446.141,"category":"electron","message":"app.web-contents-created","type":"ui"},{"timestamp":1709599446.141,"category":"electron","message":"app.browser-window-created","type":"ui"},{"timestamp":1709599446.149,"category":"console","level":"log","message":"blackbox: 2024-03-05T00:44:06.149Z 0 \n\n----------------------------------------------"},{"timestamp":1709599446.089,"category":"console","level":"log","message":"Discord 0.0.43"},{"timestamp":1709599446.125,"category":"electron","message":"app.will-finish-launching","type":"ui"},{"timestamp":1709599446.127,"category":"electron","message":"app.ready","type":"ui"},{"timestamp":1709599446.132,"category":"electron","message":"app.session-created","type":"ui"},{"timestamp":1709599446.132,"category":"console","level":"log","message":"Starting app."},{"timestamp":1709599446.134,"category":"console","level":"log","message":"Starting updater."},{"timestamp":1709599446.134,"category":"console","level":"log","message":"2024-03-05T00:44:06.134Z [Modules] Modules initializing"},{"timestamp":1709599446.134,"category":"console","level":"log","message":"2024-03-05T00:44:06.134Z [Modules] Distribution: remote"},{"timestamp":1709599446.134,"category":"console","level":"log","message":"2024-03-05T00:44:06.134Z [Modules] Host updates: enabled"},{"timestamp":1709599446.134,"category":"console","level":"log","message":"2024-03-05T00:44:06.134Z [Modules] Module updates: enabled"},{"timestamp":1709599446.135,"category":"console","level":"log","message":"2024-03-05T00:44:06.135Z [Modules] Module install path: /home/erikf/.config/discord/0.0.43/modules"},{"timestamp":1709599446.135,"category":"console","level":"log","message":"2024-03-05T00:44:06.135Z [Modules] Module installed file path: /home/erikf/.config/discord/0.0.43/modules/installed.json"},{"timestamp":1709599446.135,"category":"console","level":"log","message":"2024-03-05T00:44:06.135Z [Modules] Module download path: /home/erikf/.config/discord/0.0.43/modules/pending"},{"timestamp":1709599446.136,"category":"console","level":"log","message":"splashScreen.initSplash(false)"},{"timestamp":1709599446.141,"category":"electron","message":"app.web-contents-created","type":"ui"},{"timestamp":1709599446.141,"category":"electron","message":"app.browser-window-created","type":"ui"},{"timestamp":1709599446.149,"category":"console","level":"log","message":"blackbox: 2024-03-05T00:44:06.149Z 0 \n\n----------------------------------------------"},{"timestamp":1709599446.16,"category":"console","level":"log","message":"blackbox: 2024-03-05T00:44:06.160Z 1 Discord starting: {\"releaseChannel\":\"stable\",\"version\":\"0.0.43\"}, modulepath: /home/erikf/.config/discord/0.0.43/modules"}],"modules":{"mkdirp":"0.5.5","rimraf":"2.7.1","glob":"7.1.7","fs.realpath":"1.0.0","minimatch":"3.1.2","brace-expansion":"1.1.11","concat-map":"0.0.1","balanced-match":"1.0.2","inherits":"2.0.4","path-is-absolute":"1.0.1","inflight":"1.0.6","wrappy":"1.0.2","once":"1.4.0","yauzl":"2.10.0","fd-slicer":"1.1.0","pend":"1.2.0","buffer-crc32":"0.2.13","request":"2.88.0","extend":"3.0.2","tough-cookie":"2.4.3","psl":"1.8.0","json-stringify-safe":"5.0.1","safe-buffer":"5.2.1","aws-sign2":"0.7.0","aws4":"1.11.0","http-signature":"1.2.0","assert-plus":"1.0.0","sshpk":"1.16.1","safer-buffer":"2.1.2","asn1":"0.2.4","ecc-jsbn":"0.1.2","jsbn":"0.1.1","tweetnacl":"0.14.5","jsprim":"1.4.1","extsprintf":"1.3.0","verror":"1.10.0","core-util-is":"1.0.2","json-schema":"0.2.3","mime-types":"2.1.32","mime-db":"1.49.0","caseless":"0.12.0","forever-agent":"0.6.1","form-data":"2.3.3","combined-stream":"1.0.8","delayed-stream":"1.0.0","asynckit":"0.4.0","isstream":"0.1.2","is-typedarray":"1.0.0","qs":"6.5.3","har-validator":"5.1.5","ajv":"6.12.6","uri-js":"4.4.1","fast-deep-equal":"3.1.3","json-schema-traverse":"0.4.1","fast-json-stable-stringify":"2.1.0","har-schema":"2.0.0","uuid":"3.4.0","oauth-sign":"0.9.0","tunnel-agent":"0.6.0","performance-now":"2.1.0","arch":"2.2.0","https-proxy-agent":"5.0.1","ms":"2.1.2","agent-base":"6.0.2","lru_map":"0.3.3","cookie":"0.5.0","deepmerge":"4.3.0"},"event_id":"bcb03e5dff72441eb87bdafa828c65ec","timestamp":1709599446.162,"extra":{"release_channel":"stable","sentry":{"environment":"stable","release":"0.0.43"},"wm":"Hyprland,unknown","distro":"\"Arch Linux\""}}
2024-03-05T00:44:06.435Z 6: ✅ webContents.did-finish-load web1
2024-03-05T00:44:06.643Z 7: ✅ webContents.created web2 ""
2024-03-05T00:44:06.645Z 8: ✅ window.created win2 "Discord"
2024-03-05T00:44:07.828Z 9: ✅ webContents.did-finish-load web2
2024-03-05T00:44:07.929Z 10: window.close win1
2024-03-05T00:44:07.942Z 11: webContents.destroyed web1
2024-03-05T00:44:07.943Z 12: window.closed win1
2024-03-05T12:14:53.496Z 0: 

----------------------------------------------
2024-03-05T12:14:53.522Z 1: Discord starting: {"releaseChannel":"stable","version":"0.0.43"}, modulepath: /home/erikf/.config/discord/0.0.43/modules
2024-03-05T12:14:53.535Z 2: ✅ webContents.created web1 ""
2024-03-05T12:14:53.541Z 3: ✅ window.created win1 "discord"
2024-03-05T12:14:54.053Z 4: ✅ webContents.created web2 ""
2024-03-05T12:14:54.060Z 5: ✅ window.created win2 "Discord"
2024-03-05T12:14:54.106Z 6: ✅ webContents.did-finish-load web1
2024-03-05T12:14:55.382Z 7: ✅ webContents.did-finish-load web2
2024-03-05T12:14:55.482Z 8: window.close win1
2024-03-05T12:14:55.486Z 9: webContents.destroyed web1
2024-03-05T12:14:55.490Z 10: window.closed win1
2024-03-06T13:18:40.975Z 0: 

----------------------------------------------
2024-03-06T13:18:40.990Z 1: Discord starting: {"releaseChannel":"stable","version":"0.0.43"}, modulepath: /home/erikf/.config/discord/0.0.43/modules
2024-03-06T13:18:40.994Z 2: ✅ webContents.created web1 ""
2024-03-06T13:18:40.996Z 3: ✅ window.created win1 "discord"
2024-03-06T13:18:41.443Z 4: ✅ webContents.did-finish-load web1
2024-03-06T13:18:41.595Z 5: ✅ webContents.created web2 ""
2024-03-06T13:18:41.597Z 6: ✅ window.created win2 "Discord"
2024-03-06T13:18:43.084Z 7: ✅ webContents.did-finish-load web2
2024-03-06T13:18:43.185Z 8: window.close win1
2024-03-06T13:18:43.188Z 9: webContents.destroyed web1
2024-03-06T13:18:43.190Z 10: window.closed win1
2024-03-07T14:05:40.964Z 0: 

----------------------------------------------
2024-03-07T14:05:40.985Z 1: Discord starting: {"releaseChannel":"stable","version":"0.0.43"}, modulepath: /home/erikf/.config/discord/0.0.43/modules
2024-03-07T14:05:40.992Z 2: ✅ webContents.created web1 ""
2024-03-07T14:05:41.000Z 3: ✅ window.created win1 "discord"
2024-03-07T14:05:41.434Z 4: ✅ webContents.did-finish-load web1
2024-03-07T15:19:07.001Z 5: window.close win1
2024-03-07T15:59:11.613Z 0: 

----------------------------------------------
2024-03-07T15:59:11.627Z 1: Discord starting: {"releaseChannel":"stable","version":"0.0.43"}, modulepath: /home/erikf/.config/discord/0.0.43/modules
2024-03-07T15:59:11.630Z 2: ✅ webContents.created web1 ""
2024-03-07T15:59:11.631Z 3: ✅ window.created win1 "discord"
2024-03-07T15:59:11.941Z 4: ✅ webContents.did-finish-load web1
2024-03-07T17:49:25.402Z 5: window.close win1
2024-03-07T17:49:27.903Z 0: 

----------------------------------------------
2024-03-07T17:49:27.914Z 1: Discord starting: {"releaseChannel":"stable","version":"0.0.43"}, modulepath: /home/erikf/.config/discord/0.0.43/modules
2024-03-07T17:49:27.919Z 2: ✅ webContents.created web1 ""
2024-03-07T17:49:27.924Z 3: ✅ window.created win1 "discord"
2024-03-07T17:49:28.214Z 4: ✅ webContents.did-finish-load web1
2024-03-07T17:49:29.436Z 5: window.close win1
