2024-01-21 17:36:28.589 [info] Extension host with pid 7831 started
2024-01-21 17:36:29.243 [info] ExtensionService#_doActivateExtension vscode.emmet, startup: false, activationEvent: 'onLanguage'
2024-01-21 17:36:29.251 [info] ExtensionService#_doActivateExtension vscode.git-base, startup: true, activationEvent: '*'
2024-01-21 17:36:29.252 [info] ExtensionService#_doActivateExtension hbenl.test-adapter-converter, startup: true, activationEvent: '*', root cause: hbenl.vscode-test-explorer
2024-01-21 17:36:29.254 [info] ExtensionService#_doActivateExtension vscode.github, startup: true, activationEvent: '*'
2024-01-21 17:36:29.259 [info] ExtensionService#_doActivateExtension hbenl.vscode-test-explorer, startup: true, activationEvent: '*'
2024-01-21 17:36:29.273 [info] Eager extensions activated
2024-01-21 17:36:29.277 [info] ExtensionService#_doActivateExtension vscode.debug-auto-launch, startup: false, activationEvent: 'onStartupFinished'
2024-01-21 17:36:29.278 [info] ExtensionService#_doActivateExtension vscode.merge-conflict, startup: false, activationEvent: 'onStartupFinished'
2024-01-21 17:36:59.348 [info] ExtensionService#_doActivateExtension vscode.git, startup: false, activationEvent: 'api', root cause: vscode.github
2024-01-21 17:36:59.372 [info] ExtensionService#_doActivateExtension Swellaby.vscode-rust-test-adapter, startup: false, activationEvent: '*'
2024-01-21 17:36:59.374 [error] Activating extension Swellaby.vscode-rust-test-adapter failed due to an error:
2024-01-21 17:36:59.374 [error] Error: Cannot find module '/home/erikf/.vscode-oss/extensions/swellaby.vscode-rust-test-adapter-0.11.1-universal/src/main.js'
Require stack:
- /opt/vscodium-bin/resources/app/out/vs/loader.js
- /opt/vscodium-bin/resources/app/out/bootstrap-amd.js
- /opt/vscodium-bin/resources/app/out/bootstrap-fork.js
- 
	at Module._resolveFilename (node:internal/modules/cjs/loader:1082:15)
	at o._resolveFilename (node:electron/js2c/utility_init:2:3040)
	at Module._load (node:internal/modules/cjs/loader:927:27)
	at f._load (node:electron/js2c/asar_bundle:2:13377)
	at c._load (/opt/vscodium-bin/resources/app/out/vs/workbench/api/node/extensionHostProcess.js:171:6981)
	at n._load (/opt/vscodium-bin/resources/app/out/vs/workbench/api/node/extensionHostProcess.js:168:36227)
	at t._load (/opt/vscodium-bin/resources/app/out/vs/workbench/api/node/extensionHostProcess.js:133:45311)
	at Module.require (node:internal/modules/cjs/loader:1148:19)
	at require (node:internal/modules/cjs/helpers:110:18)
	at Function.i [as __$__nodeRequire] (/opt/vscodium-bin/resources/app/out/vs/loader.js:5:98)
	at f._loadCommonJSModule (/opt/vscodium-bin/resources/app/out/vs/workbench/api/node/extensionHostProcess.js:168:37854)
	at async Promise.all (index 0)
2024-01-21 17:37:29.773 [info] ExtensionService#_doActivateExtension tomoki1207.pdf, startup: false, activationEvent: 'onCustomEditor:pdf.preview'
